  [1m[35m (0.1ms)[0m  [1m[34mSELECT sqlite_version(*)[0m
  â†³ bin/rails:4
  [1m[35m (10.2ms)[0m  [1m[35mCREATE TABLE "schema_migrations" ("version" varchar NOT NULL PRIMARY KEY)[0m
  â†³ bin/rails:4
  [1m[35m (6.9ms)[0m  [1m[35mCREATE TABLE "ar_internal_metadata" ("key" varchar NOT NULL PRIMARY KEY, "value" varchar, "created_at" datetime NOT NULL, "updated_at" datetime NOT NULL)[0m
  â†³ bin/rails:4
  [1m[35m (0.3ms)[0m  [1m[34mSELECT "schema_migrations"."version" FROM "schema_migrations" ORDER BY "schema_migrations"."version" ASC[0m
  â†³ bin/rails:4
Migrating to CreatePosts (20210524052010)
  [1m[35m (0.1ms)[0m  [1m[36mbegin transaction[0m
  â†³ bin/rails:4
  [1m[35m (1.2ms)[0m  [1m[35mCREATE TABLE "posts" ("id" integer PRIMARY KEY AUTOINCREMENT NOT NULL, "title" varchar, "content" text, "created_at" datetime NOT NULL, "updated_at" datetime NOT NULL)[0m
  â†³ db/migrate/20210524052010_create_posts.rb:3
  [1m[36mActiveRecord::SchemaMigration Create (0.3ms)[0m  [1m[32mINSERT INTO "schema_migrations" ("version") VALUES (?)[0m  [["version", "20210524052010"]]
  â†³ bin/rails:4
  [1m[35m (6.7ms)[0m  [1m[36mcommit transaction[0m
  â†³ bin/rails:4
  [1m[36mActiveRecord::InternalMetadata Load (0.4ms)[0m  [1m[34mSELECT  "ar_internal_metadata".* FROM "ar_internal_metadata" WHERE "ar_internal_metadata"."key" = ? LIMIT ?[0m  [["key", "environment"], ["LIMIT", 1]]
  â†³ bin/rails:4
  [1m[35m (0.1ms)[0m  [1m[36mbegin transaction[0m
  â†³ bin/rails:4
  [1m[36mActiveRecord::InternalMetadata Create (1.0ms)[0m  [1m[32mINSERT INTO "ar_internal_metadata" ("key", "value", "created_at", "updated_at") VALUES (?, ?, ?, ?)[0m  [["key", "environment"], ["value", "development"], ["created_at", "2021-05-24 05:20:37.924852"], ["updated_at", "2021-05-24 05:20:37.924852"]]
  â†³ bin/rails:4
  [1m[35m (5.7ms)[0m  [1m[36mcommit transaction[0m
  â†³ bin/rails:4
  [1m[35m (0.3ms)[0m  [1m[34mSELECT "schema_migrations"."version" FROM "schema_migrations" ORDER BY "schema_migrations"."version" ASC[0m
  â†³ bin/rails:4
Started GET "/home/top" for ::1 at 2021-05-24 14:27:16 +0900
  [1m[35m (0.3ms)[0m  [1m[34mSELECT "schema_migrations"."version" FROM "schema_migrations" ORDER BY "schema_migrations"."version" ASC[0m
  â†³ C:/Ruby26-x64/lib/ruby/gems/2.6.0/gems/activerecord-5.2.6/lib/active_record/log_subscriber.rb:98
  
ActionController::RoutingError (No route matches [GET] "/home/top"):
  
actionpack (5.2.6) lib/action_dispatch/middleware/debug_exceptions.rb:65:in `call'
web-console (3.7.0) lib/web_console/middleware.rb:135:in `call_app'
web-console (3.7.0) lib/web_console/middleware.rb:30:in `block in call'
web-console (3.7.0) lib/web_console/middleware.rb:20:in `catch'
web-console (3.7.0) lib/web_console/middleware.rb:20:in `call'
actionpack (5.2.6) lib/action_dispatch/middleware/show_exceptions.rb:33:in `call'
railties (5.2.6) lib/rails/rack/logger.rb:38:in `call_app'
railties (5.2.6) lib/rails/rack/logger.rb:26:in `block in call'
activesupport (5.2.6) lib/active_support/tagged_logging.rb:71:in `block in tagged'
activesupport (5.2.6) lib/active_support/tagged_logging.rb:28:in `tagged'
activesupport (5.2.6) lib/active_support/tagged_logging.rb:71:in `tagged'
railties (5.2.6) lib/rails/rack/logger.rb:26:in `call'
sprockets-rails (3.2.2) lib/sprockets/rails/quiet_assets.rb:13:in `call'
actionpack (5.2.6) lib/action_dispatch/middleware/remote_ip.rb:81:in `call'
actionpack (5.2.6) lib/action_dispatch/middleware/request_id.rb:27:in `call'
rack (2.2.3) lib/rack/method_override.rb:24:in `call'
rack (2.2.3) lib/rack/runtime.rb:22:in `call'
activesupport (5.2.6) lib/active_support/cache/strategy/local_cache_middleware.rb:29:in `call'
actionpack (5.2.6) lib/action_dispatch/middleware/executor.rb:14:in `call'
actionpack (5.2.6) lib/action_dispatch/middleware/static.rb:127:in `call'
rack (2.2.3) lib/rack/sendfile.rb:110:in `call'
railties (5.2.6) lib/rails/engine.rb:524:in `call'
puma (3.12.6) lib/puma/configuration.rb:227:in `call'
puma (3.12.6) lib/puma/server.rb:706:in `handle_request'
puma (3.12.6) lib/puma/server.rb:476:in `process_client'
puma (3.12.6) lib/puma/server.rb:334:in `block in run'
puma (3.12.6) lib/puma/thread_pool.rb:135:in `block in spawn_thread'
Started GET "/" for ::1 at 2021-05-24 14:27:20 +0900
Processing by Rails::WelcomeController#index as HTML
  Rendering C:/Ruby26-x64/lib/ruby/gems/2.6.0/gems/railties-5.2.6/lib/rails/templates/rails/welcome/index.html.erb
  Rendered C:/Ruby26-x64/lib/ruby/gems/2.6.0/gems/railties-5.2.6/lib/rails/templates/rails/welcome/index.html.erb (2.7ms)
Completed 200 OK in 18ms (Views: 12.3ms | ActiveRecord: 0.0ms)


Started GET "/posts" for ::1 at 2021-05-24 14:28:32 +0900
Processing by PostsController#index as HTML
  Rendering posts/index.html.erb within layouts/application
  [1m[36mPost Load (0.4ms)[0m  [1m[34mSELECT "posts".* FROM "posts"[0m
  â†³ app/views/posts/index.html.erb:15
  Rendered posts/index.html.erb within layouts/application (4.0ms)
Completed 200 OK in 814ms (Views: 795.9ms | ActiveRecord: 1.0ms)


Started GET "/posts/new" for ::1 at 2021-05-24 14:28:38 +0900
Processing by PostsController#new as HTML
  Rendering posts/new.html.erb within layouts/application
  Rendered posts/_form.html.erb (113.5ms)
  Rendered posts/new.html.erb within layouts/application (117.6ms)
Completed 200 OK in 174ms (Views: 165.3ms | ActiveRecord: 0.9ms)


Started POST "/posts" for ::1 at 2021-05-24 14:40:02 +0900
Processing by PostsController#create as HTML
  Parameters: {"utf8"=>"âœ“", "authenticity_token"=>"xwPQjYphU7eTOFKwT/pR9FAN0gmHe/LIPk3Vtou58C2hqbCFI3zCJNp3vJYfGa4JFGBm7RO9KZ6x2WpsAHMqCg==", "post"=>{"title"=>"ãŠã¯ã‚ˆã†", "content"=>"ã“ã‚“ã«ã¡ã¯"}, "commit"=>"Create Post"}
  [1m[35m (0.1ms)[0m  [1m[36mbegin transaction[0m
  â†³ app/controllers/posts_controller.rb:27
  [1m[36mPost Create (1.5ms)[0m  [1m[32mINSERT INTO "posts" ("title", "content", "created_at", "updated_at") VALUES (?, ?, ?, ?)[0m  [["title", "ãŠã¯ã‚ˆã†"], ["content", "ã“ã‚“ã«ã¡ã¯"], ["created_at", "2021-05-24 05:40:02.863414"], ["updated_at", "2021-05-24 05:40:02.863414"]]
  â†³ app/controllers/posts_controller.rb:27
  [1m[35m (6.9ms)[0m  [1m[36mcommit transaction[0m
  â†³ app/controllers/posts_controller.rb:27
Redirected to http://localhost:3000/posts/1
Completed 302 Found in 17ms (ActiveRecord: 8.4ms)


Started GET "/posts/1" for ::1 at 2021-05-24 14:40:02 +0900
Processing by PostsController#show as HTML
  Parameters: {"id"=>"1"}
  [1m[36mPost Load (0.3ms)[0m  [1m[34mSELECT  "posts".* FROM "posts" WHERE "posts"."id" = ? LIMIT ?[0m  [["id", 1], ["LIMIT", 1]]
  â†³ app/controllers/posts_controller.rb:62
  Rendering posts/show.html.erb within layouts/application
  Rendered posts/show.html.erb within layouts/application (0.8ms)
Completed 200 OK in 69ms (Views: 48.2ms | ActiveRecord: 0.3ms)


Started GET "/posts/1/edit" for ::1 at 2021-05-24 14:40:07 +0900
Processing by PostsController#edit as HTML
  Parameters: {"id"=>"1"}
  [1m[36mPost Load (0.2ms)[0m  [1m[34mSELECT  "posts".* FROM "posts" WHERE "posts"."id" = ? LIMIT ?[0m  [["id", 1], ["LIMIT", 1]]
  â†³ app/controllers/posts_controller.rb:62
  Rendering posts/edit.html.erb within layouts/application
  Rendered posts/_form.html.erb (1.8ms)
  Rendered posts/edit.html.erb within layouts/application (5.5ms)
Completed 200 OK in 63ms (Views: 57.0ms | ActiveRecord: 0.2ms)


Started GET "/posts/1" for ::1 at 2021-05-24 14:40:11 +0900
Processing by PostsController#show as HTML
  Parameters: {"id"=>"1"}
  [1m[36mPost Load (0.3ms)[0m  [1m[34mSELECT  "posts".* FROM "posts" WHERE "posts"."id" = ? LIMIT ?[0m  [["id", 1], ["LIMIT", 1]]
  â†³ app/controllers/posts_controller.rb:62
  Rendering posts/show.html.erb within layouts/application
  Rendered posts/show.html.erb within layouts/application (0.8ms)
Completed 200 OK in 51ms (Views: 44.9ms | ActiveRecord: 0.3ms)


Started GET "/posts" for ::1 at 2021-05-24 14:40:13 +0900
Processing by PostsController#index as HTML
  Rendering posts/index.html.erb within layouts/application
  [1m[36mPost Load (0.5ms)[0m  [1m[34mSELECT "posts".* FROM "posts"[0m
  â†³ app/views/posts/index.html.erb:15
  Rendered posts/index.html.erb within layouts/application (3.7ms)
Completed 200 OK in 49ms (Views: 45.1ms | ActiveRecord: 0.5ms)


Started GET "/posts/new" for ::1 at 2021-05-24 14:40:15 +0900
Processing by PostsController#new as HTML
  Rendering posts/new.html.erb within layouts/application
  Rendered posts/_form.html.erb (1.7ms)
  Rendered posts/new.html.erb within layouts/application (5.2ms)
Completed 200 OK in 56ms (Views: 53.0ms | ActiveRecord: 0.0ms)


Started POST "/posts" for ::1 at 2021-05-24 14:40:23 +0900
Processing by PostsController#create as HTML
  Parameters: {"utf8"=>"âœ“", "authenticity_token"=>"2UDzbiJTkzavMw8sbavIN0N9mHkXFl7QN+wrkhmpdaK/6pNmi04CpeZ84Qo9SDfKBxAsnYPQhYa4eJRIkmOvhQ==", "post"=>{"title"=>"æ˜Žæ—¥", "content"=>"é›¨"}, "commit"=>"Create Post"}
  [1m[35m (0.1ms)[0m  [1m[36mbegin transaction[0m
  â†³ app/controllers/posts_controller.rb:27
  [1m[36mPost Create (1.5ms)[0m  [1m[32mINSERT INTO "posts" ("title", "content", "created_at", "updated_at") VALUES (?, ?, ?, ?)[0m  [["title", "æ˜Žæ—¥"], ["content", "é›¨"], ["created_at", "2021-05-24 05:40:23.990850"], ["updated_at", "2021-05-24 05:40:23.990850"]]
  â†³ app/controllers/posts_controller.rb:27
  [1m[35m (6.5ms)[0m  [1m[36mcommit transaction[0m
  â†³ app/controllers/posts_controller.rb:27
Redirected to http://localhost:3000/posts/2
Completed 302 Found in 17ms (ActiveRecord: 8.0ms)


Started GET "/posts/2" for ::1 at 2021-05-24 14:40:24 +0900
Processing by PostsController#show as HTML
  Parameters: {"id"=>"2"}
  [1m[36mPost Load (0.2ms)[0m  [1m[34mSELECT  "posts".* FROM "posts" WHERE "posts"."id" = ? LIMIT ?[0m  [["id", 2], ["LIMIT", 1]]
  â†³ app/controllers/posts_controller.rb:62
  Rendering posts/show.html.erb within layouts/application
  Rendered posts/show.html.erb within layouts/application (0.6ms)
Completed 200 OK in 50ms (Views: 44.7ms | ActiveRecord: 0.2ms)


Started GET "/posts" for ::1 at 2021-05-24 14:40:26 +0900
Processing by PostsController#index as HTML
  Rendering posts/index.html.erb within layouts/application
  [1m[36mPost Load (0.2ms)[0m  [1m[34mSELECT "posts".* FROM "posts"[0m
  â†³ app/views/posts/index.html.erb:15
  Rendered posts/index.html.erb within layouts/application (3.0ms)
Completed 200 OK in 50ms (Views: 46.4ms | ActiveRecord: 0.2ms)


Started GET "/posts/new" for ::1 at 2021-05-24 14:40:56 +0900
Processing by PostsController#new as HTML
  Rendering posts/new.html.erb within layouts/application
  Rendered posts/_form.html.erb (1.5ms)
  Rendered posts/new.html.erb within layouts/application (5.4ms)
Completed 200 OK in 55ms (Views: 51.3ms | ActiveRecord: 0.0ms)


Started POST "/posts" for ::1 at 2021-05-24 14:41:05 +0900
Processing by PostsController#create as HTML
  Parameters: {"utf8"=>"âœ“", "authenticity_token"=>"b01H5VKdncLPYQ/Xx541aMBRrNdNyaeY5+Z7XcZi+OQJ5yft+4AMUYYu4fGXfcqVhDwYM9kPfM5ocsSHTagiww==", "post"=>{"title"=>"rails ", "content"=>"ã‚€ãšã‹ã—ã„"}, "commit"=>"Create Post"}
  [1m[35m (0.1ms)[0m  [1m[36mbegin transaction[0m
  â†³ app/controllers/posts_controller.rb:27
  [1m[36mPost Create (1.1ms)[0m  [1m[32mINSERT INTO "posts" ("title", "content", "created_at", "updated_at") VALUES (?, ?, ?, ?)[0m  [["title", "rails "], ["content", "ã‚€ãšã‹ã—ã„"], ["created_at", "2021-05-24 05:41:05.969949"], ["updated_at", "2021-05-24 05:41:05.969949"]]
  â†³ app/controllers/posts_controller.rb:27
  [1m[35m (7.5ms)[0m  [1m[36mcommit transaction[0m
  â†³ app/controllers/posts_controller.rb:27
Redirected to http://localhost:3000/posts/3
Completed 302 Found in 16ms (ActiveRecord: 8.7ms)


Started GET "/posts/3" for ::1 at 2021-05-24 14:41:06 +0900
Processing by PostsController#show as HTML
  Parameters: {"id"=>"3"}
  [1m[36mPost Load (0.4ms)[0m  [1m[34mSELECT  "posts".* FROM "posts" WHERE "posts"."id" = ? LIMIT ?[0m  [["id", 3], ["LIMIT", 1]]
  â†³ app/controllers/posts_controller.rb:62
  Rendering posts/show.html.erb within layouts/application
  Rendered posts/show.html.erb within layouts/application (0.7ms)
Completed 200 OK in 53ms (Views: 47.5ms | ActiveRecord: 0.4ms)


Started GET "/posts" for ::1 at 2021-05-24 14:41:08 +0900
Processing by PostsController#index as HTML
  Rendering posts/index.html.erb within layouts/application
  [1m[36mPost Load (0.3ms)[0m  [1m[34mSELECT "posts".* FROM "posts"[0m
  â†³ app/views/posts/index.html.erb:15
  Rendered posts/index.html.erb within layouts/application (3.7ms)
Completed 200 OK in 47ms (Views: 44.1ms | ActiveRecord: 0.3ms)


Started GET "/posts/new" for ::1 at 2021-05-24 14:41:11 +0900
Processing by PostsController#new as HTML
  Rendering posts/new.html.erb within layouts/application
  Rendered posts/_form.html.erb (2.0ms)
  Rendered posts/new.html.erb within layouts/application (6.8ms)
Completed 200 OK in 62ms (Views: 58.8ms | ActiveRecord: 0.0ms)


Started POST "/posts" for ::1 at 2021-05-24 14:41:22 +0900
Processing by PostsController#create as HTML
  Parameters: {"utf8"=>"âœ“", "authenticity_token"=>"BnZuhtwaRbDOYi4AXLxyltrWH3MOW/xwTYgPNWnpE0Rg3A6OdQfUI4ctwCYMX41rnrurl5qdJybCHLDv4iPJYw==", "post"=>{"title"=>"html", "content"=>"æ¥½ã—ã„"}, "commit"=>"Create Post"}
  [1m[35m (0.0ms)[0m  [1m[36mbegin transaction[0m
  â†³ app/controllers/posts_controller.rb:27
  [1m[36mPost Create (1.1ms)[0m  [1m[32mINSERT INTO "posts" ("title", "content", "created_at", "updated_at") VALUES (?, ?, ?, ?)[0m  [["title", "html"], ["content", "æ¥½ã—ã„"], ["created_at", "2021-05-24 05:41:22.903381"], ["updated_at", "2021-05-24 05:41:22.903381"]]
  â†³ app/controllers/posts_controller.rb:27
  [1m[35m (6.4ms)[0m  [1m[36mcommit transaction[0m
  â†³ app/controllers/posts_controller.rb:27
Redirected to http://localhost:3000/posts/4
Completed 302 Found in 15ms (ActiveRecord: 7.5ms)


Started GET "/posts/4" for ::1 at 2021-05-24 14:41:22 +0900
Processing by PostsController#show as HTML
  Parameters: {"id"=>"4"}
  [1m[36mPost Load (0.2ms)[0m  [1m[34mSELECT  "posts".* FROM "posts" WHERE "posts"."id" = ? LIMIT ?[0m  [["id", 4], ["LIMIT", 1]]
  â†³ app/controllers/posts_controller.rb:62
  Rendering posts/show.html.erb within layouts/application
  Rendered posts/show.html.erb within layouts/application (0.9ms)
Completed 200 OK in 52ms (Views: 46.4ms | ActiveRecord: 0.2ms)


Started GET "/posts" for ::1 at 2021-05-24 14:41:24 +0900
Processing by PostsController#index as HTML
  Rendering posts/index.html.erb within layouts/application
  [1m[36mPost Load (0.3ms)[0m  [1m[34mSELECT "posts".* FROM "posts"[0m
  â†³ app/views/posts/index.html.erb:15
  Rendered posts/index.html.erb within layouts/application (3.5ms)
Completed 200 OK in 50ms (Views: 46.4ms | ActiveRecord: 0.3ms)


Started GET "/posts/new" for ::1 at 2021-05-24 14:41:26 +0900
Processing by PostsController#new as HTML
  Rendering posts/new.html.erb within layouts/application
  Rendered posts/_form.html.erb (1.6ms)
  Rendered posts/new.html.erb within layouts/application (5.4ms)
Completed 200 OK in 58ms (Views: 54.1ms | ActiveRecord: 0.0ms)


Started POST "/posts" for ::1 at 2021-05-24 14:41:31 +0900
Processing by PostsController#create as HTML
  Parameters: {"utf8"=>"âœ“", "authenticity_token"=>"AfhUJ87WqRGLwky+pW0widPKPwrS4Fq2Hy58quHU4d9nUjQvZ8s4gsKNopj1js90l6eL7kYmgeCQusNwah47+A==", "post"=>{"title"=>"ä¸­å±±", "content"=>"ç¾Žç©‚"}, "commit"=>"Create Post"}
  [1m[35m (0.1ms)[0m  [1m[36mbegin transaction[0m
  â†³ app/controllers/posts_controller.rb:27
  [1m[36mPost Create (1.0ms)[0m  [1m[32mINSERT INTO "posts" ("title", "content", "created_at", "updated_at") VALUES (?, ?, ?, ?)[0m  [["title", "ä¸­å±±"], ["content", "ç¾Žç©‚"], ["created_at", "2021-05-24 05:41:31.084782"], ["updated_at", "2021-05-24 05:41:31.084782"]]
  â†³ app/controllers/posts_controller.rb:27
  [1m[35m (7.5ms)[0m  [1m[36mcommit transaction[0m
  â†³ app/controllers/posts_controller.rb:27
Redirected to http://localhost:3000/posts/5
Completed 302 Found in 16ms (ActiveRecord: 8.6ms)


Started GET "/posts/5" for ::1 at 2021-05-24 14:41:31 +0900
Processing by PostsController#show as HTML
  Parameters: {"id"=>"5"}
  [1m[36mPost Load (0.5ms)[0m  [1m[34mSELECT  "posts".* FROM "posts" WHERE "posts"."id" = ? LIMIT ?[0m  [["id", 5], ["LIMIT", 1]]
  â†³ app/controllers/posts_controller.rb:62
  Rendering posts/show.html.erb within layouts/application
  Rendered posts/show.html.erb within layouts/application (0.7ms)
Completed 200 OK in 55ms (Views: 46.7ms | ActiveRecord: 0.5ms)


Started GET "/posts" for ::1 at 2021-05-24 14:41:38 +0900
Processing by PostsController#index as HTML
  Rendering posts/index.html.erb within layouts/application
  [1m[36mPost Load (0.4ms)[0m  [1m[34mSELECT "posts".* FROM "posts"[0m
  â†³ app/views/posts/index.html.erb:15
  Rendered posts/index.html.erb within layouts/application (4.1ms)
Completed 200 OK in 59ms (Views: 55.1ms | ActiveRecord: 0.4ms)


Started DELETE "/posts/5" for ::1 at 2021-05-24 14:41:44 +0900
Processing by PostsController#destroy as HTML
  Parameters: {"authenticity_token"=>"7ll/P7nrzXcKHvn8vHvjXrg+gmxhyZxNXOhMiXyr/jvrVFxKyP6UR08vDawGm9PML8TkMZYmWTZ3Gzk3YQqfdQ==", "id"=>"5"}
  [1m[36mPost Load (0.2ms)[0m  [1m[34mSELECT  "posts".* FROM "posts" WHERE "posts"."id" = ? LIMIT ?[0m  [["id", 5], ["LIMIT", 1]]
  â†³ app/controllers/posts_controller.rb:62
  [1m[35m (0.1ms)[0m  [1m[36mbegin transaction[0m
  â†³ app/controllers/posts_controller.rb:52
  [1m[36mPost Destroy (1.2ms)[0m  [1m[31mDELETE FROM "posts" WHERE "posts"."id" = ?[0m  [["id", 5]]
  â†³ app/controllers/posts_controller.rb:52
  [1m[35m (7.9ms)[0m  [1m[36mcommit transaction[0m
  â†³ app/controllers/posts_controller.rb:52
Redirected to http://localhost:3000/posts
Completed 302 Found in 17ms (ActiveRecord: 9.4ms)


Started GET "/posts" for ::1 at 2021-05-24 14:41:44 +0900
Processing by PostsController#index as HTML
  Rendering posts/index.html.erb within layouts/application
  [1m[36mPost Load (0.2ms)[0m  [1m[34mSELECT "posts".* FROM "posts"[0m
  â†³ app/views/posts/index.html.erb:15
  Rendered posts/index.html.erb within layouts/application (3.3ms)
Completed 200 OK in 67ms (Views: 63.0ms | ActiveRecord: 0.2ms)


Started GET "/index" for ::1 at 2021-05-24 14:43:08 +0900
  
ActionController::RoutingError (No route matches [GET] "/index"):
  
actionpack (5.2.6) lib/action_dispatch/middleware/debug_exceptions.rb:65:in `call'
web-console (3.7.0) lib/web_console/middleware.rb:135:in `call_app'
web-console (3.7.0) lib/web_console/middleware.rb:30:in `block in call'
web-console (3.7.0) lib/web_console/middleware.rb:20:in `catch'
web-console (3.7.0) lib/web_console/middleware.rb:20:in `call'
actionpack (5.2.6) lib/action_dispatch/middleware/show_exceptions.rb:33:in `call'
railties (5.2.6) lib/rails/rack/logger.rb:38:in `call_app'
railties (5.2.6) lib/rails/rack/logger.rb:26:in `block in call'
activesupport (5.2.6) lib/active_support/tagged_logging.rb:71:in `block in tagged'
activesupport (5.2.6) lib/active_support/tagged_logging.rb:28:in `tagged'
activesupport (5.2.6) lib/active_support/tagged_logging.rb:71:in `tagged'
railties (5.2.6) lib/rails/rack/logger.rb:26:in `call'
sprockets-rails (3.2.2) lib/sprockets/rails/quiet_assets.rb:13:in `call'
actionpack (5.2.6) lib/action_dispatch/middleware/remote_ip.rb:81:in `call'
actionpack (5.2.6) lib/action_dispatch/middleware/request_id.rb:27:in `call'
rack (2.2.3) lib/rack/method_override.rb:24:in `call'
rack (2.2.3) lib/rack/runtime.rb:22:in `call'
activesupport (5.2.6) lib/active_support/cache/strategy/local_cache_middleware.rb:29:in `call'
actionpack (5.2.6) lib/action_dispatch/middleware/executor.rb:14:in `call'
actionpack (5.2.6) lib/action_dispatch/middleware/static.rb:127:in `call'
rack (2.2.3) lib/rack/sendfile.rb:110:in `call'
railties (5.2.6) lib/rails/engine.rb:524:in `call'
puma (3.12.6) lib/puma/configuration.rb:227:in `call'
puma (3.12.6) lib/puma/server.rb:706:in `handle_request'
puma (3.12.6) lib/puma/server.rb:476:in `process_client'
puma (3.12.6) lib/puma/server.rb:334:in `block in run'
puma (3.12.6) lib/puma/thread_pool.rb:135:in `block in spawn_thread'
Started GET "/posts/index" for ::1 at 2021-05-24 14:43:23 +0900
Processing by PostsController#show as HTML
  Parameters: {"id"=>"index"}
  [1m[36mPost Load (0.2ms)[0m  [1m[34mSELECT  "posts".* FROM "posts" WHERE "posts"."id" = ? LIMIT ?[0m  [["id", 0], ["LIMIT", 1]]
  â†³ app/controllers/posts_controller.rb:62
Completed 404 Not Found in 2ms (ActiveRecord: 0.2ms)


  
ActiveRecord::RecordNotFound (Couldn't find Post with 'id'=index):
  
app/controllers/posts_controller.rb:62:in `set_post'
Started GET "/posts/new" for ::1 at 2021-05-24 14:46:19 +0900
Processing by PostsController#new as HTML
  Rendering posts/new.html.erb within layouts/application
  Rendered posts/_form.html.erb (1.7ms)
  Rendered posts/new.html.erb within layouts/application (5.2ms)
Completed 200 OK in 60ms (Views: 57.1ms | ActiveRecord: 0.0ms)


Started GET "/" for ::1 at 2021-05-24 14:46:25 +0900
Processing by Rails::WelcomeController#index as HTML
  Rendering C:/Ruby26-x64/lib/ruby/gems/2.6.0/gems/railties-5.2.6/lib/rails/templates/rails/welcome/index.html.erb
  Rendered C:/Ruby26-x64/lib/ruby/gems/2.6.0/gems/railties-5.2.6/lib/rails/templates/rails/welcome/index.html.erb (1.7ms)
Completed 200 OK in 10ms (Views: 5.9ms | ActiveRecord: 0.0ms)


Started GET "/index" for ::1 at 2021-05-24 14:46:34 +0900
  
ActionController::RoutingError (No route matches [GET] "/index"):
  
actionpack (5.2.6) lib/action_dispatch/middleware/debug_exceptions.rb:65:in `call'
web-console (3.7.0) lib/web_console/middleware.rb:135:in `call_app'
web-console (3.7.0) lib/web_console/middleware.rb:30:in `block in call'
web-console (3.7.0) lib/web_console/middleware.rb:20:in `catch'
web-console (3.7.0) lib/web_console/middleware.rb:20:in `call'
actionpack (5.2.6) lib/action_dispatch/middleware/show_exceptions.rb:33:in `call'
railties (5.2.6) lib/rails/rack/logger.rb:38:in `call_app'
railties (5.2.6) lib/rails/rack/logger.rb:26:in `block in call'
activesupport (5.2.6) lib/active_support/tagged_logging.rb:71:in `block in tagged'
activesupport (5.2.6) lib/active_support/tagged_logging.rb:28:in `tagged'
activesupport (5.2.6) lib/active_support/tagged_logging.rb:71:in `tagged'
railties (5.2.6) lib/rails/rack/logger.rb:26:in `call'
sprockets-rails (3.2.2) lib/sprockets/rails/quiet_assets.rb:13:in `call'
actionpack (5.2.6) lib/action_dispatch/middleware/remote_ip.rb:81:in `call'
actionpack (5.2.6) lib/action_dispatch/middleware/request_id.rb:27:in `call'
rack (2.2.3) lib/rack/method_override.rb:24:in `call'
rack (2.2.3) lib/rack/runtime.rb:22:in `call'
activesupport (5.2.6) lib/active_support/cache/strategy/local_cache_middleware.rb:29:in `call'
actionpack (5.2.6) lib/action_dispatch/middleware/executor.rb:14:in `call'
actionpack (5.2.6) lib/action_dispatch/middleware/static.rb:127:in `call'
rack (2.2.3) lib/rack/sendfile.rb:110:in `call'
railties (5.2.6) lib/rails/engine.rb:524:in `call'
puma (3.12.6) lib/puma/configuration.rb:227:in `call'
puma (3.12.6) lib/puma/server.rb:706:in `handle_request'
puma (3.12.6) lib/puma/server.rb:476:in `process_client'
puma (3.12.6) lib/puma/server.rb:334:in `block in run'
puma (3.12.6) lib/puma/thread_pool.rb:135:in `block in spawn_thread'
Started GET "/postid1" for ::1 at 2021-05-24 14:47:41 +0900
  
ActionController::RoutingError (No route matches [GET] "/postid1"):
  
actionpack (5.2.6) lib/action_dispatch/middleware/debug_exceptions.rb:65:in `call'
web-console (3.7.0) lib/web_console/middleware.rb:135:in `call_app'
web-console (3.7.0) lib/web_console/middleware.rb:30:in `block in call'
web-console (3.7.0) lib/web_console/middleware.rb:20:in `catch'
web-console (3.7.0) lib/web_console/middleware.rb:20:in `call'
actionpack (5.2.6) lib/action_dispatch/middleware/show_exceptions.rb:33:in `call'
railties (5.2.6) lib/rails/rack/logger.rb:38:in `call_app'
railties (5.2.6) lib/rails/rack/logger.rb:26:in `block in call'
activesupport (5.2.6) lib/active_support/tagged_logging.rb:71:in `block in tagged'
activesupport (5.2.6) lib/active_support/tagged_logging.rb:28:in `tagged'
activesupport (5.2.6) lib/active_support/tagged_logging.rb:71:in `tagged'
railties (5.2.6) lib/rails/rack/logger.rb:26:in `call'
sprockets-rails (3.2.2) lib/sprockets/rails/quiet_assets.rb:13:in `call'
actionpack (5.2.6) lib/action_dispatch/middleware/remote_ip.rb:81:in `call'
actionpack (5.2.6) lib/action_dispatch/middleware/request_id.rb:27:in `call'
rack (2.2.3) lib/rack/method_override.rb:24:in `call'
rack (2.2.3) lib/rack/runtime.rb:22:in `call'
activesupport (5.2.6) lib/active_support/cache/strategy/local_cache_middleware.rb:29:in `call'
actionpack (5.2.6) lib/action_dispatch/middleware/executor.rb:14:in `call'
actionpack (5.2.6) lib/action_dispatch/middleware/static.rb:127:in `call'
rack (2.2.3) lib/rack/sendfile.rb:110:in `call'
railties (5.2.6) lib/rails/engine.rb:524:in `call'
puma (3.12.6) lib/puma/configuration.rb:227:in `call'
puma (3.12.6) lib/puma/server.rb:706:in `handle_request'
puma (3.12.6) lib/puma/server.rb:476:in `process_client'
puma (3.12.6) lib/puma/server.rb:334:in `block in run'
puma (3.12.6) lib/puma/thread_pool.rb:135:in `block in spawn_thread'
Started GET "/postid(1)" for ::1 at 2021-05-24 14:47:51 +0900
  
ActionController::RoutingError (No route matches [GET] "/postid(1)"):
  
actionpack (5.2.6) lib/action_dispatch/middleware/debug_exceptions.rb:65:in `call'
web-console (3.7.0) lib/web_console/middleware.rb:135:in `call_app'
web-console (3.7.0) lib/web_console/middleware.rb:30:in `block in call'
web-console (3.7.0) lib/web_console/middleware.rb:20:in `catch'
web-console (3.7.0) lib/web_console/middleware.rb:20:in `call'
actionpack (5.2.6) lib/action_dispatch/middleware/show_exceptions.rb:33:in `call'
railties (5.2.6) lib/rails/rack/logger.rb:38:in `call_app'
railties (5.2.6) lib/rails/rack/logger.rb:26:in `block in call'
activesupport (5.2.6) lib/active_support/tagged_logging.rb:71:in `block in tagged'
activesupport (5.2.6) lib/active_support/tagged_logging.rb:28:in `tagged'
activesupport (5.2.6) lib/active_support/tagged_logging.rb:71:in `tagged'
railties (5.2.6) lib/rails/rack/logger.rb:26:in `call'
sprockets-rails (3.2.2) lib/sprockets/rails/quiet_assets.rb:13:in `call'
actionpack (5.2.6) lib/action_dispatch/middleware/remote_ip.rb:81:in `call'
actionpack (5.2.6) lib/action_dispatch/middleware/request_id.rb:27:in `call'
rack (2.2.3) lib/rack/method_override.rb:24:in `call'
rack (2.2.3) lib/rack/runtime.rb:22:in `call'
activesupport (5.2.6) lib/active_support/cache/strategy/local_cache_middleware.rb:29:in `call'
actionpack (5.2.6) lib/action_dispatch/middleware/executor.rb:14:in `call'
actionpack (5.2.6) lib/action_dispatch/middleware/static.rb:127:in `call'
rack (2.2.3) lib/rack/sendfile.rb:110:in `call'
railties (5.2.6) lib/rails/engine.rb:524:in `call'
puma (3.12.6) lib/puma/configuration.rb:227:in `call'
puma (3.12.6) lib/puma/server.rb:706:in `handle_request'
puma (3.12.6) lib/puma/server.rb:476:in `process_client'
puma (3.12.6) lib/puma/server.rb:334:in `block in run'
puma (3.12.6) lib/puma/thread_pool.rb:135:in `block in spawn_thread'
Started GET "/post/1/edit" for ::1 at 2021-05-24 14:50:32 +0900
  
ActionController::RoutingError (No route matches [GET] "/post/1/edit"):
  
actionpack (5.2.6) lib/action_dispatch/middleware/debug_exceptions.rb:65:in `call'
web-console (3.7.0) lib/web_console/middleware.rb:135:in `call_app'
web-console (3.7.0) lib/web_console/middleware.rb:30:in `block in call'
web-console (3.7.0) lib/web_console/middleware.rb:20:in `catch'
web-console (3.7.0) lib/web_console/middleware.rb:20:in `call'
actionpack (5.2.6) lib/action_dispatch/middleware/show_exceptions.rb:33:in `call'
railties (5.2.6) lib/rails/rack/logger.rb:38:in `call_app'
railties (5.2.6) lib/rails/rack/logger.rb:26:in `block in call'
activesupport (5.2.6) lib/active_support/tagged_logging.rb:71:in `block in tagged'
activesupport (5.2.6) lib/active_support/tagged_logging.rb:28:in `tagged'
activesupport (5.2.6) lib/active_support/tagged_logging.rb:71:in `tagged'
railties (5.2.6) lib/rails/rack/logger.rb:26:in `call'
sprockets-rails (3.2.2) lib/sprockets/rails/quiet_assets.rb:13:in `call'
actionpack (5.2.6) lib/action_dispatch/middleware/remote_ip.rb:81:in `call'
actionpack (5.2.6) lib/action_dispatch/middleware/request_id.rb:27:in `call'
rack (2.2.3) lib/rack/method_override.rb:24:in `call'
rack (2.2.3) lib/rack/runtime.rb:22:in `call'
activesupport (5.2.6) lib/active_support/cache/strategy/local_cache_middleware.rb:29:in `call'
actionpack (5.2.6) lib/action_dispatch/middleware/executor.rb:14:in `call'
actionpack (5.2.6) lib/action_dispatch/middleware/static.rb:127:in `call'
rack (2.2.3) lib/rack/sendfile.rb:110:in `call'
railties (5.2.6) lib/rails/engine.rb:524:in `call'
puma (3.12.6) lib/puma/configuration.rb:227:in `call'
puma (3.12.6) lib/puma/server.rb:706:in `handle_request'
puma (3.12.6) lib/puma/server.rb:476:in `process_client'
puma (3.12.6) lib/puma/server.rb:334:in `block in run'
puma (3.12.6) lib/puma/thread_pool.rb:135:in `block in spawn_thread'
Started GET "/posts/1/edit" for ::1 at 2021-05-24 14:51:00 +0900
Processing by PostsController#edit as HTML
  Parameters: {"id"=>"1"}
  [1m[36mPost Load (0.3ms)[0m  [1m[34mSELECT  "posts".* FROM "posts" WHERE "posts"."id" = ? LIMIT ?[0m  [["id", 1], ["LIMIT", 1]]
  â†³ app/controllers/posts_controller.rb:62
  Rendering posts/edit.html.erb within layouts/application
  Rendered posts/_form.html.erb (3.4ms)
  Rendered posts/edit.html.erb within layouts/application (7.6ms)
Completed 200 OK in 68ms (Views: 61.6ms | ActiveRecord: 0.3ms)


Started GET "/posts/2/edit" for ::1 at 2021-05-24 14:51:06 +0900
Processing by PostsController#edit as HTML
  Parameters: {"id"=>"2"}
  [1m[36mPost Load (0.2ms)[0m  [1m[34mSELECT  "posts".* FROM "posts" WHERE "posts"."id" = ? LIMIT ?[0m  [["id", 2], ["LIMIT", 1]]
  â†³ app/controllers/posts_controller.rb:62
  Rendering posts/edit.html.erb within layouts/application
  Rendered posts/_form.html.erb (4.1ms)
  Rendered posts/edit.html.erb within layouts/application (7.9ms)
Completed 200 OK in 68ms (Views: 61.6ms | ActiveRecord: 0.2ms)


Started GET "/posts/3/edit" for ::1 at 2021-05-24 14:51:13 +0900
Processing by PostsController#edit as HTML
  Parameters: {"id"=>"3"}
  [1m[36mPost Load (0.6ms)[0m  [1m[34mSELECT  "posts".* FROM "posts" WHERE "posts"."id" = ? LIMIT ?[0m  [["id", 3], ["LIMIT", 1]]
  â†³ app/controllers/posts_controller.rb:62
  Rendering posts/edit.html.erb within layouts/application
  Rendered posts/_form.html.erb (1.8ms)
  Rendered posts/edit.html.erb within layouts/application (7.0ms)
Completed 200 OK in 60ms (Views: 53.0ms | ActiveRecord: 0.6ms)


Started GET "/posts/index" for ::1 at 2021-05-24 14:53:18 +0900
Processing by PostsController#show as HTML
  Parameters: {"id"=>"index"}
  [1m[36mPost Load (0.2ms)[0m  [1m[34mSELECT  "posts".* FROM "posts" WHERE "posts"."id" = ? LIMIT ?[0m  [["id", 0], ["LIMIT", 1]]
  â†³ app/controllers/posts_controller.rb:62
Completed 404 Not Found in 3ms (ActiveRecord: 0.2ms)


  
ActiveRecord::RecordNotFound (Couldn't find Post with 'id'=index):
  
app/controllers/posts_controller.rb:62:in `set_post'
Started GET "/index" for ::1 at 2021-05-24 14:53:22 +0900
  
ActionController::RoutingError (No route matches [GET] "/index"):
  
actionpack (5.2.6) lib/action_dispatch/middleware/debug_exceptions.rb:65:in `call'
web-console (3.7.0) lib/web_console/middleware.rb:135:in `call_app'
web-console (3.7.0) lib/web_console/middleware.rb:30:in `block in call'
web-console (3.7.0) lib/web_console/middleware.rb:20:in `catch'
web-console (3.7.0) lib/web_console/middleware.rb:20:in `call'
actionpack (5.2.6) lib/action_dispatch/middleware/show_exceptions.rb:33:in `call'
railties (5.2.6) lib/rails/rack/logger.rb:38:in `call_app'
railties (5.2.6) lib/rails/rack/logger.rb:26:in `block in call'
activesupport (5.2.6) lib/active_support/tagged_logging.rb:71:in `block in tagged'
activesupport (5.2.6) lib/active_support/tagged_logging.rb:28:in `tagged'
activesupport (5.2.6) lib/active_support/tagged_logging.rb:71:in `tagged'
railties (5.2.6) lib/rails/rack/logger.rb:26:in `call'
sprockets-rails (3.2.2) lib/sprockets/rails/quiet_assets.rb:13:in `call'
actionpack (5.2.6) lib/action_dispatch/middleware/remote_ip.rb:81:in `call'
actionpack (5.2.6) lib/action_dispatch/middleware/request_id.rb:27:in `call'
rack (2.2.3) lib/rack/method_override.rb:24:in `call'
rack (2.2.3) lib/rack/runtime.rb:22:in `call'
activesupport (5.2.6) lib/active_support/cache/strategy/local_cache_middleware.rb:29:in `call'
actionpack (5.2.6) lib/action_dispatch/middleware/executor.rb:14:in `call'
actionpack (5.2.6) lib/action_dispatch/middleware/static.rb:127:in `call'
rack (2.2.3) lib/rack/sendfile.rb:110:in `call'
railties (5.2.6) lib/rails/engine.rb:524:in `call'
puma (3.12.6) lib/puma/configuration.rb:227:in `call'
puma (3.12.6) lib/puma/server.rb:706:in `handle_request'
puma (3.12.6) lib/puma/server.rb:476:in `process_client'
puma (3.12.6) lib/puma/server.rb:334:in `block in run'
puma (3.12.6) lib/puma/thread_pool.rb:135:in `block in spawn_thread'
Started GET "/index" for ::1 at 2021-05-24 15:53:28 +0900
  
ActionController::RoutingError (No route matches [GET] "/index"):
  
actionpack (5.2.6) lib/action_dispatch/middleware/debug_exceptions.rb:65:in `call'
web-console (3.7.0) lib/web_console/middleware.rb:135:in `call_app'
web-console (3.7.0) lib/web_console/middleware.rb:30:in `block in call'
web-console (3.7.0) lib/web_console/middleware.rb:20:in `catch'
web-console (3.7.0) lib/web_console/middleware.rb:20:in `call'
actionpack (5.2.6) lib/action_dispatch/middleware/show_exceptions.rb:33:in `call'
railties (5.2.6) lib/rails/rack/logger.rb:38:in `call_app'
railties (5.2.6) lib/rails/rack/logger.rb:26:in `block in call'
activesupport (5.2.6) lib/active_support/tagged_logging.rb:71:in `block in tagged'
activesupport (5.2.6) lib/active_support/tagged_logging.rb:28:in `tagged'
activesupport (5.2.6) lib/active_support/tagged_logging.rb:71:in `tagged'
railties (5.2.6) lib/rails/rack/logger.rb:26:in `call'
sprockets-rails (3.2.2) lib/sprockets/rails/quiet_assets.rb:13:in `call'
actionpack (5.2.6) lib/action_dispatch/middleware/remote_ip.rb:81:in `call'
actionpack (5.2.6) lib/action_dispatch/middleware/request_id.rb:27:in `call'
rack (2.2.3) lib/rack/method_override.rb:24:in `call'
rack (2.2.3) lib/rack/runtime.rb:22:in `call'
activesupport (5.2.6) lib/active_support/cache/strategy/local_cache_middleware.rb:29:in `call'
actionpack (5.2.6) lib/action_dispatch/middleware/executor.rb:14:in `call'
actionpack (5.2.6) lib/action_dispatch/middleware/static.rb:127:in `call'
rack (2.2.3) lib/rack/sendfile.rb:110:in `call'
railties (5.2.6) lib/rails/engine.rb:524:in `call'
puma (3.12.6) lib/puma/configuration.rb:227:in `call'
puma (3.12.6) lib/puma/server.rb:706:in `handle_request'
puma (3.12.6) lib/puma/server.rb:476:in `process_client'
puma (3.12.6) lib/puma/server.rb:334:in `block in run'
puma (3.12.6) lib/puma/thread_pool.rb:135:in `block in spawn_thread'
Started GET "/index" for ::1 at 2021-05-24 15:53:31 +0900
  
ActionController::RoutingError (No route matches [GET] "/index"):
  
actionpack (5.2.6) lib/action_dispatch/middleware/debug_exceptions.rb:65:in `call'
web-console (3.7.0) lib/web_console/middleware.rb:135:in `call_app'
web-console (3.7.0) lib/web_console/middleware.rb:30:in `block in call'
web-console (3.7.0) lib/web_console/middleware.rb:20:in `catch'
web-console (3.7.0) lib/web_console/middleware.rb:20:in `call'
actionpack (5.2.6) lib/action_dispatch/middleware/show_exceptions.rb:33:in `call'
railties (5.2.6) lib/rails/rack/logger.rb:38:in `call_app'
railties (5.2.6) lib/rails/rack/logger.rb:26:in `block in call'
activesupport (5.2.6) lib/active_support/tagged_logging.rb:71:in `block in tagged'
activesupport (5.2.6) lib/active_support/tagged_logging.rb:28:in `tagged'
activesupport (5.2.6) lib/active_support/tagged_logging.rb:71:in `tagged'
railties (5.2.6) lib/rails/rack/logger.rb:26:in `call'
sprockets-rails (3.2.2) lib/sprockets/rails/quiet_assets.rb:13:in `call'
actionpack (5.2.6) lib/action_dispatch/middleware/remote_ip.rb:81:in `call'
actionpack (5.2.6) lib/action_dispatch/middleware/request_id.rb:27:in `call'
rack (2.2.3) lib/rack/method_override.rb:24:in `call'
rack (2.2.3) lib/rack/runtime.rb:22:in `call'
activesupport (5.2.6) lib/active_support/cache/strategy/local_cache_middleware.rb:29:in `call'
actionpack (5.2.6) lib/action_dispatch/middleware/executor.rb:14:in `call'
actionpack (5.2.6) lib/action_dispatch/middleware/static.rb:127:in `call'
rack (2.2.3) lib/rack/sendfile.rb:110:in `call'
railties (5.2.6) lib/rails/engine.rb:524:in `call'
puma (3.12.6) lib/puma/configuration.rb:227:in `call'
puma (3.12.6) lib/puma/server.rb:706:in `handle_request'
puma (3.12.6) lib/puma/server.rb:476:in `process_client'
puma (3.12.6) lib/puma/server.rb:334:in `block in run'
puma (3.12.6) lib/puma/thread_pool.rb:135:in `block in spawn_thread'
Started GET "/index" for ::1 at 2021-05-24 16:28:44 +0900
  
ActionController::RoutingError (No route matches [GET] "/index"):
  
actionpack (5.2.6) lib/action_dispatch/middleware/debug_exceptions.rb:65:in `call'
web-console (3.7.0) lib/web_console/middleware.rb:135:in `call_app'
web-console (3.7.0) lib/web_console/middleware.rb:30:in `block in call'
web-console (3.7.0) lib/web_console/middleware.rb:20:in `catch'
web-console (3.7.0) lib/web_console/middleware.rb:20:in `call'
actionpack (5.2.6) lib/action_dispatch/middleware/show_exceptions.rb:33:in `call'
railties (5.2.6) lib/rails/rack/logger.rb:38:in `call_app'
railties (5.2.6) lib/rails/rack/logger.rb:26:in `block in call'
activesupport (5.2.6) lib/active_support/tagged_logging.rb:71:in `block in tagged'
activesupport (5.2.6) lib/active_support/tagged_logging.rb:28:in `tagged'
activesupport (5.2.6) lib/active_support/tagged_logging.rb:71:in `tagged'
railties (5.2.6) lib/rails/rack/logger.rb:26:in `call'
sprockets-rails (3.2.2) lib/sprockets/rails/quiet_assets.rb:13:in `call'
actionpack (5.2.6) lib/action_dispatch/middleware/remote_ip.rb:81:in `call'
actionpack (5.2.6) lib/action_dispatch/middleware/request_id.rb:27:in `call'
rack (2.2.3) lib/rack/method_override.rb:24:in `call'
rack (2.2.3) lib/rack/runtime.rb:22:in `call'
activesupport (5.2.6) lib/active_support/cache/strategy/local_cache_middleware.rb:29:in `call'
actionpack (5.2.6) lib/action_dispatch/middleware/executor.rb:14:in `call'
actionpack (5.2.6) lib/action_dispatch/middleware/static.rb:127:in `call'
rack (2.2.3) lib/rack/sendfile.rb:110:in `call'
railties (5.2.6) lib/rails/engine.rb:524:in `call'
puma (3.12.6) lib/puma/configuration.rb:227:in `call'
puma (3.12.6) lib/puma/server.rb:706:in `handle_request'
puma (3.12.6) lib/puma/server.rb:476:in `process_client'
puma (3.12.6) lib/puma/server.rb:334:in `block in run'
puma (3.12.6) lib/puma/thread_pool.rb:135:in `block in spawn_thread'
Started GET "/index" for ::1 at 2021-05-24 16:30:28 +0900
  
ActionController::RoutingError (No route matches [GET] "/index"):
  
actionpack (5.2.6) lib/action_dispatch/middleware/debug_exceptions.rb:65:in `call'
web-console (3.7.0) lib/web_console/middleware.rb:135:in `call_app'
web-console (3.7.0) lib/web_console/middleware.rb:30:in `block in call'
web-console (3.7.0) lib/web_console/middleware.rb:20:in `catch'
web-console (3.7.0) lib/web_console/middleware.rb:20:in `call'
actionpack (5.2.6) lib/action_dispatch/middleware/show_exceptions.rb:33:in `call'
railties (5.2.6) lib/rails/rack/logger.rb:38:in `call_app'
railties (5.2.6) lib/rails/rack/logger.rb:26:in `block in call'
activesupport (5.2.6) lib/active_support/tagged_logging.rb:71:in `block in tagged'
activesupport (5.2.6) lib/active_support/tagged_logging.rb:28:in `tagged'
activesupport (5.2.6) lib/active_support/tagged_logging.rb:71:in `tagged'
railties (5.2.6) lib/rails/rack/logger.rb:26:in `call'
sprockets-rails (3.2.2) lib/sprockets/rails/quiet_assets.rb:13:in `call'
actionpack (5.2.6) lib/action_dispatch/middleware/remote_ip.rb:81:in `call'
actionpack (5.2.6) lib/action_dispatch/middleware/request_id.rb:27:in `call'
rack (2.2.3) lib/rack/method_override.rb:24:in `call'
rack (2.2.3) lib/rack/runtime.rb:22:in `call'
activesupport (5.2.6) lib/active_support/cache/strategy/local_cache_middleware.rb:29:in `call'
actionpack (5.2.6) lib/action_dispatch/middleware/executor.rb:14:in `call'
actionpack (5.2.6) lib/action_dispatch/middleware/static.rb:127:in `call'
rack (2.2.3) lib/rack/sendfile.rb:110:in `call'
railties (5.2.6) lib/rails/engine.rb:524:in `call'
puma (3.12.6) lib/puma/configuration.rb:227:in `call'
puma (3.12.6) lib/puma/server.rb:706:in `handle_request'
puma (3.12.6) lib/puma/server.rb:476:in `process_client'
puma (3.12.6) lib/puma/server.rb:334:in `block in run'
puma (3.12.6) lib/puma/thread_pool.rb:135:in `block in spawn_thread'
Started GET "/posts/index" for ::1 at 2021-05-24 16:30:37 +0900
Processing by PostsController#show as HTML
  Parameters: {"id"=>"index"}
  [1m[36mPost Load (0.3ms)[0m  [1m[34mSELECT  "posts".* FROM "posts" WHERE "posts"."id" = ? LIMIT ?[0m  [["id", 0], ["LIMIT", 1]]
  â†³ app/controllers/posts_controller.rb:62
Completed 404 Not Found in 20ms (ActiveRecord: 1.8ms)


  
ActiveRecord::RecordNotFound (Couldn't find Post with 'id'=index):
  
app/controllers/posts_controller.rb:62:in `set_post'
Started GET "/posts/index" for ::1 at 2021-05-24 16:30:52 +0900
Processing by PostsController#show as HTML
  Parameters: {"id"=>"index"}
  [1m[36mPost Load (0.2ms)[0m  [1m[34mSELECT  "posts".* FROM "posts" WHERE "posts"."id" = ? LIMIT ?[0m  [["id", 0], ["LIMIT", 1]]
  â†³ app/controllers/posts_controller.rb:62
Completed 404 Not Found in 11ms (ActiveRecord: 1.3ms)


  
ActiveRecord::RecordNotFound (Couldn't find Post with 'id'=index):
  
app/controllers/posts_controller.rb:62:in `set_post'
Started GET "/posts/index" for ::1 at 2021-05-24 16:33:30 +0900
  [1m[35m (0.3ms)[0m  [1m[34mSELECT "schema_migrations"."version" FROM "schema_migrations" ORDER BY "schema_migrations"."version" ASC[0m
  â†³ C:/Ruby26-x64/lib/ruby/gems/2.6.0/gems/activerecord-5.2.6/lib/active_record/log_subscriber.rb:98
Processing by PostsController#show as HTML
  Parameters: {"id"=>"index"}
  [1m[36mPost Load (0.3ms)[0m  [1m[34mSELECT  "posts".* FROM "posts" WHERE "posts"."id" = ? LIMIT ?[0m  [["id", 0], ["LIMIT", 1]]
  â†³ app/controllers/posts_controller.rb:62
Completed 404 Not Found in 22ms (ActiveRecord: 3.2ms)


  
ActiveRecord::RecordNotFound (Couldn't find Post with 'id'=index):
  
app/controllers/posts_controller.rb:62:in `set_post'
Started GET "/posts/new" for ::1 at 2021-05-24 16:34:58 +0900
Processing by PostsController#new as HTML
  Rendering posts/new.html.erb within layouts/application
  Rendered posts/_form.html.erb (74.7ms)
  Rendered posts/new.html.erb within layouts/application (80.7ms)
Completed 200 OK in 353ms (Views: 344.0ms | ActiveRecord: 0.0ms)


Started POST "/posts" for ::1 at 2021-05-24 16:35:04 +0900
Processing by PostsController#create as HTML
  Parameters: {"utf8"=>"âœ“", "authenticity_token"=>"LMnZ4HrJc1Iqx85fFeHoLr1GOaet6hzvAn+mpn/IYr4pxPqVC9wqYm/2Og+vAdi8Krxf+loF2ZQpjNMYYmkD8A==", "post"=>{"title"=>"1111", "content"=>"2222222"}, "commit"=>"Create Post"}
  [1m[35m (0.1ms)[0m  [1m[36mbegin transaction[0m
  â†³ app/controllers/posts_controller.rb:27
  [1m[36mPost Create (1.3ms)[0m  [1m[32mINSERT INTO "posts" ("title", "content", "created_at", "updated_at") VALUES (?, ?, ?, ?)[0m  [["title", "1111"], ["content", "2222222"], ["created_at", "2021-05-24 07:35:04.470320"], ["updated_at", "2021-05-24 07:35:04.470320"]]
  â†³ app/controllers/posts_controller.rb:27
  [1m[35m (6.5ms)[0m  [1m[36mcommit transaction[0m
  â†³ app/controllers/posts_controller.rb:27
Redirected to http://localhost:3000/posts/6
Completed 302 Found in 19ms (ActiveRecord: 7.9ms)


Started GET "/posts/6" for ::1 at 2021-05-24 16:35:04 +0900
Processing by PostsController#show as HTML
  Parameters: {"id"=>"6"}
  [1m[36mPost Load (1.0ms)[0m  [1m[34mSELECT  "posts".* FROM "posts" WHERE "posts"."id" = ? LIMIT ?[0m  [["id", 6], ["LIMIT", 1]]
  â†³ app/controllers/posts_controller.rb:62
  Rendering posts/show.html.erb within layouts/application
  Rendered posts/show.html.erb within layouts/application (1.9ms)
Completed 200 OK in 82ms (Views: 75.7ms | ActiveRecord: 1.0ms)


Started GET "/posts" for ::1 at 2021-05-24 16:35:06 +0900
Processing by PostsController#index as HTML
  Rendering posts/index.html.erb within layouts/application
  [1m[36mPost Load (0.3ms)[0m  [1m[34mSELECT "posts".* FROM "posts"[0m
  â†³ app/views/posts/index.html.erb:15
  Rendered posts/index.html.erb within layouts/application (3.3ms)
Completed 200 OK in 46ms (Views: 43.2ms | ActiveRecord: 0.3ms)


Started GET "/posts/1" for ::1 at 2021-05-25 00:02:47 +0900
Processing by PostsController#show as HTML
  Parameters: {"id"=>"1"}
  [1m[36mPost Load (0.6ms)[0m  [1m[34mSELECT  "posts".* FROM "posts" WHERE "posts"."id" = ? LIMIT ?[0m  [["id", 1], ["LIMIT", 1]]
  â†³ app/controllers/posts_controller.rb:62
  Rendering posts/show.html.erb within layouts/application
  Rendered posts/show.html.erb within layouts/application (6.3ms)
Completed 200 OK in 242ms (Views: 206.8ms | ActiveRecord: 0.6ms)


Started GET "/posts/1/edit" for ::1 at 2021-05-25 00:02:49 +0900
Processing by PostsController#edit as HTML
  Parameters: {"id"=>"1"}
  [1m[36mPost Load (0.3ms)[0m  [1m[34mSELECT  "posts".* FROM "posts" WHERE "posts"."id" = ? LIMIT ?[0m  [["id", 1], ["LIMIT", 1]]
  â†³ app/controllers/posts_controller.rb:62
  Rendering posts/edit.html.erb within layouts/application
  Rendered posts/_form.html.erb (6.1ms)
  Rendered posts/edit.html.erb within layouts/application (32.3ms)
Completed 200 OK in 109ms (Views: 90.3ms | ActiveRecord: 0.3ms)


Started GET "/home/top" for ::1 at 2021-05-25 08:25:17 +0900
  [1m[35m (0.3ms)[0m  [1m[34mSELECT "schema_migrations"."version" FROM "schema_migrations" ORDER BY "schema_migrations"."version" ASC[0m
  â†³ C:/Ruby26-x64/lib/ruby/gems/2.6.0/gems/activerecord-5.2.6/lib/active_record/log_subscriber.rb:98
  
ActionController::RoutingError (No route matches [GET] "/home/top"):
  
actionpack (5.2.6) lib/action_dispatch/middleware/debug_exceptions.rb:65:in `call'
web-console (3.7.0) lib/web_console/middleware.rb:135:in `call_app'
web-console (3.7.0) lib/web_console/middleware.rb:30:in `block in call'
web-console (3.7.0) lib/web_console/middleware.rb:20:in `catch'
web-console (3.7.0) lib/web_console/middleware.rb:20:in `call'
actionpack (5.2.6) lib/action_dispatch/middleware/show_exceptions.rb:33:in `call'
railties (5.2.6) lib/rails/rack/logger.rb:38:in `call_app'
railties (5.2.6) lib/rails/rack/logger.rb:26:in `block in call'
activesupport (5.2.6) lib/active_support/tagged_logging.rb:71:in `block in tagged'
activesupport (5.2.6) lib/active_support/tagged_logging.rb:28:in `tagged'
activesupport (5.2.6) lib/active_support/tagged_logging.rb:71:in `tagged'
railties (5.2.6) lib/rails/rack/logger.rb:26:in `call'
sprockets-rails (3.2.2) lib/sprockets/rails/quiet_assets.rb:13:in `call'
actionpack (5.2.6) lib/action_dispatch/middleware/remote_ip.rb:81:in `call'
actionpack (5.2.6) lib/action_dispatch/middleware/request_id.rb:27:in `call'
rack (2.2.3) lib/rack/method_override.rb:24:in `call'
rack (2.2.3) lib/rack/runtime.rb:22:in `call'
activesupport (5.2.6) lib/active_support/cache/strategy/local_cache_middleware.rb:29:in `call'
actionpack (5.2.6) lib/action_dispatch/middleware/executor.rb:14:in `call'
actionpack (5.2.6) lib/action_dispatch/middleware/static.rb:127:in `call'
rack (2.2.3) lib/rack/sendfile.rb:110:in `call'
railties (5.2.6) lib/rails/engine.rb:524:in `call'
puma (3.12.6) lib/puma/configuration.rb:227:in `call'
puma (3.12.6) lib/puma/server.rb:706:in `handle_request'
puma (3.12.6) lib/puma/server.rb:476:in `process_client'
puma (3.12.6) lib/puma/server.rb:334:in `block in run'
puma (3.12.6) lib/puma/thread_pool.rb:135:in `block in spawn_thread'
Started GET "/home/top" for ::1 at 2021-05-25 08:25:18 +0900
  
ActionController::RoutingError (No route matches [GET] "/home/top"):
  
actionpack (5.2.6) lib/action_dispatch/middleware/debug_exceptions.rb:65:in `call'
web-console (3.7.0) lib/web_console/middleware.rb:135:in `call_app'
web-console (3.7.0) lib/web_console/middleware.rb:30:in `block in call'
web-console (3.7.0) lib/web_console/middleware.rb:20:in `catch'
web-console (3.7.0) lib/web_console/middleware.rb:20:in `call'
actionpack (5.2.6) lib/action_dispatch/middleware/show_exceptions.rb:33:in `call'
railties (5.2.6) lib/rails/rack/logger.rb:38:in `call_app'
railties (5.2.6) lib/rails/rack/logger.rb:26:in `block in call'
activesupport (5.2.6) lib/active_support/tagged_logging.rb:71:in `block in tagged'
activesupport (5.2.6) lib/active_support/tagged_logging.rb:28:in `tagged'
activesupport (5.2.6) lib/active_support/tagged_logging.rb:71:in `tagged'
railties (5.2.6) lib/rails/rack/logger.rb:26:in `call'
sprockets-rails (3.2.2) lib/sprockets/rails/quiet_assets.rb:13:in `call'
actionpack (5.2.6) lib/action_dispatch/middleware/remote_ip.rb:81:in `call'
actionpack (5.2.6) lib/action_dispatch/middleware/request_id.rb:27:in `call'
rack (2.2.3) lib/rack/method_override.rb:24:in `call'
rack (2.2.3) lib/rack/runtime.rb:22:in `call'
activesupport (5.2.6) lib/active_support/cache/strategy/local_cache_middleware.rb:29:in `call'
actionpack (5.2.6) lib/action_dispatch/middleware/executor.rb:14:in `call'
actionpack (5.2.6) lib/action_dispatch/middleware/static.rb:127:in `call'
rack (2.2.3) lib/rack/sendfile.rb:110:in `call'
railties (5.2.6) lib/rails/engine.rb:524:in `call'
puma (3.12.6) lib/puma/configuration.rb:227:in `call'
puma (3.12.6) lib/puma/server.rb:706:in `handle_request'
puma (3.12.6) lib/puma/server.rb:476:in `process_client'
puma (3.12.6) lib/puma/server.rb:334:in `block in run'
puma (3.12.6) lib/puma/thread_pool.rb:135:in `block in spawn_thread'
Started GET "/home/top" for ::1 at 2021-05-25 08:25:19 +0900
  
ActionController::RoutingError (No route matches [GET] "/home/top"):
  
actionpack (5.2.6) lib/action_dispatch/middleware/debug_exceptions.rb:65:in `call'
web-console (3.7.0) lib/web_console/middleware.rb:135:in `call_app'
web-console (3.7.0) lib/web_console/middleware.rb:30:in `block in call'
web-console (3.7.0) lib/web_console/middleware.rb:20:in `catch'
web-console (3.7.0) lib/web_console/middleware.rb:20:in `call'
actionpack (5.2.6) lib/action_dispatch/middleware/show_exceptions.rb:33:in `call'
railties (5.2.6) lib/rails/rack/logger.rb:38:in `call_app'
railties (5.2.6) lib/rails/rack/logger.rb:26:in `block in call'
activesupport (5.2.6) lib/active_support/tagged_logging.rb:71:in `block in tagged'
activesupport (5.2.6) lib/active_support/tagged_logging.rb:28:in `tagged'
activesupport (5.2.6) lib/active_support/tagged_logging.rb:71:in `tagged'
railties (5.2.6) lib/rails/rack/logger.rb:26:in `call'
sprockets-rails (3.2.2) lib/sprockets/rails/quiet_assets.rb:13:in `call'
actionpack (5.2.6) lib/action_dispatch/middleware/remote_ip.rb:81:in `call'
actionpack (5.2.6) lib/action_dispatch/middleware/request_id.rb:27:in `call'
rack (2.2.3) lib/rack/method_override.rb:24:in `call'
rack (2.2.3) lib/rack/runtime.rb:22:in `call'
activesupport (5.2.6) lib/active_support/cache/strategy/local_cache_middleware.rb:29:in `call'
actionpack (5.2.6) lib/action_dispatch/middleware/executor.rb:14:in `call'
actionpack (5.2.6) lib/action_dispatch/middleware/static.rb:127:in `call'
rack (2.2.3) lib/rack/sendfile.rb:110:in `call'
railties (5.2.6) lib/rails/engine.rb:524:in `call'
puma (3.12.6) lib/puma/configuration.rb:227:in `call'
puma (3.12.6) lib/puma/server.rb:706:in `handle_request'
puma (3.12.6) lib/puma/server.rb:476:in `process_client'
puma (3.12.6) lib/puma/server.rb:334:in `block in run'
puma (3.12.6) lib/puma/thread_pool.rb:135:in `block in spawn_thread'
Started GET "/home/top" for ::1 at 2021-05-25 10:12:57 +0900
  [1m[35m (0.3ms)[0m  [1m[34mSELECT "schema_migrations"."version" FROM "schema_migrations" ORDER BY "schema_migrations"."version" ASC[0m
  â†³ C:/Ruby26-x64/lib/ruby/gems/2.6.0/gems/activerecord-5.2.6/lib/active_record/log_subscriber.rb:98
  
ActionController::RoutingError (No route matches [GET] "/home/top"):
  
actionpack (5.2.6) lib/action_dispatch/middleware/debug_exceptions.rb:65:in `call'
web-console (3.7.0) lib/web_console/middleware.rb:135:in `call_app'
web-console (3.7.0) lib/web_console/middleware.rb:30:in `block in call'
web-console (3.7.0) lib/web_console/middleware.rb:20:in `catch'
web-console (3.7.0) lib/web_console/middleware.rb:20:in `call'
actionpack (5.2.6) lib/action_dispatch/middleware/show_exceptions.rb:33:in `call'
railties (5.2.6) lib/rails/rack/logger.rb:38:in `call_app'
railties (5.2.6) lib/rails/rack/logger.rb:26:in `block in call'
activesupport (5.2.6) lib/active_support/tagged_logging.rb:71:in `block in tagged'
activesupport (5.2.6) lib/active_support/tagged_logging.rb:28:in `tagged'
activesupport (5.2.6) lib/active_support/tagged_logging.rb:71:in `tagged'
railties (5.2.6) lib/rails/rack/logger.rb:26:in `call'
sprockets-rails (3.2.2) lib/sprockets/rails/quiet_assets.rb:13:in `call'
actionpack (5.2.6) lib/action_dispatch/middleware/remote_ip.rb:81:in `call'
actionpack (5.2.6) lib/action_dispatch/middleware/request_id.rb:27:in `call'
rack (2.2.3) lib/rack/method_override.rb:24:in `call'
rack (2.2.3) lib/rack/runtime.rb:22:in `call'
activesupport (5.2.6) lib/active_support/cache/strategy/local_cache_middleware.rb:29:in `call'
actionpack (5.2.6) lib/action_dispatch/middleware/executor.rb:14:in `call'
actionpack (5.2.6) lib/action_dispatch/middleware/static.rb:127:in `call'
rack (2.2.3) lib/rack/sendfile.rb:110:in `call'
railties (5.2.6) lib/rails/engine.rb:524:in `call'
puma (3.12.6) lib/puma/configuration.rb:227:in `call'
puma (3.12.6) lib/puma/server.rb:706:in `handle_request'
puma (3.12.6) lib/puma/server.rb:476:in `process_client'
puma (3.12.6) lib/puma/server.rb:334:in `block in run'
puma (3.12.6) lib/puma/thread_pool.rb:135:in `block in spawn_thread'
Started GET "/" for ::1 at 2021-05-25 10:13:05 +0900
Processing by PostsController#index as HTML
  Rendering posts/index.html.erb within layouts/application
  [1m[36mPost Load (0.7ms)[0m  [1m[34mSELECT "posts".* FROM "posts"[0m
  â†³ app/views/posts/index.html.erb:4
  Rendered posts/index.html.erb within layouts/application (29.9ms)
Completed 200 OK in 864ms (Views: 796.2ms | ActiveRecord: 2.3ms)


Started GET "/" for ::1 at 2021-05-25 10:13:11 +0900
Processing by PostsController#index as HTML
  Rendering posts/index.html.erb within layouts/application
  [1m[36mPost Load (0.3ms)[0m  [1m[34mSELECT "posts".* FROM "posts"[0m
  â†³ app/views/posts/index.html.erb:4
  Rendered posts/index.html.erb within layouts/application (4.1ms)
Completed 200 OK in 82ms (Views: 78.6ms | ActiveRecord: 0.3ms)


Started GET "/posts/new" for ::1 at 2021-05-25 10:13:40 +0900
Processing by PostsController#new as HTML
  Rendering posts/new.html.erb within layouts/application
  Rendered posts/_form.html.erb (245.3ms)
  Rendered posts/new.html.erb within layouts/application (264.9ms)
Completed 200 OK in 351ms (Views: 341.8ms | ActiveRecord: 0.0ms)


Started POST "/posts" for ::1 at 2021-05-25 10:13:52 +0900
Processing by PostsController#create as HTML
  Parameters: {"utf8"=>"âœ“", "authenticity_token"=>"owHe/5FFdKzTrBb/XTBjf2jKNtr5IY5jek4zNFjCfEnPMFd6RrDyHvHvNzhbqhcPnZHM8UYko2kDFqa260mtVA==", "post"=>{"title"=>"ä¿ºã¯", "content"=>"ç”·ã "}, "commit"=>"Create Post"}
  [1m[35m (0.1ms)[0m  [1m[36mbegin transaction[0m
  â†³ app/controllers/posts_controller.rb:27
  [1m[36mPost Create (1.9ms)[0m  [1m[32mINSERT INTO "posts" ("title", "content", "created_at", "updated_at") VALUES (?, ?, ?, ?)[0m  [["title", "ä¿ºã¯"], ["content", "ç”·ã "], ["created_at", "2021-05-25 01:13:52.257166"], ["updated_at", "2021-05-25 01:13:52.257166"]]
  â†³ app/controllers/posts_controller.rb:27
  [1m[35m (12.8ms)[0m  [1m[36mcommit transaction[0m
  â†³ app/controllers/posts_controller.rb:27
Redirected to http://localhost:3000/posts/7
Completed 302 Found in 23ms (ActiveRecord: 14.8ms)


Started GET "/posts/7" for ::1 at 2021-05-25 10:13:52 +0900
Processing by PostsController#show as HTML
  Parameters: {"id"=>"7"}
  [1m[36mPost Load (0.3ms)[0m  [1m[34mSELECT  "posts".* FROM "posts" WHERE "posts"."id" = ? LIMIT ?[0m  [["id", 7], ["LIMIT", 1]]
  â†³ app/controllers/posts_controller.rb:62
  Rendering posts/show.html.erb within layouts/application
  Rendered posts/show.html.erb within layouts/application (0.8ms)
Completed 200 OK in 78ms (Views: 45.9ms | ActiveRecord: 0.3ms)


Started GET "/" for ::1 at 2021-05-25 10:14:01 +0900
Processing by PostsController#index as HTML
  Rendering posts/index.html.erb within layouts/application
  [1m[36mPost Load (0.3ms)[0m  [1m[34mSELECT "posts".* FROM "posts"[0m
  â†³ app/views/posts/index.html.erb:4
  Rendered posts/index.html.erb within layouts/application (4.1ms)
Completed 200 OK in 56ms (Views: 52.4ms | ActiveRecord: 0.3ms)


Started GET "/" for ::1 at 2021-05-25 10:14:53 +0900
Processing by PostsController#index as HTML
  Rendering posts/index.html.erb within layouts/application
  [1m[36mPost Load (0.4ms)[0m  [1m[34mSELECT "posts".* FROM "posts"[0m
  â†³ app/views/posts/index.html.erb:4
  Rendered collection of posts/_post.html.erb [6 times] (1.4ms)
  Rendered posts/index.html.erb within layouts/application (14.7ms)
Completed 200 OK in 84ms (Views: 60.7ms | ActiveRecord: 0.4ms)


Started GET "/" for ::1 at 2021-05-25 11:41:50 +0900
Processing by PostsController#index as HTML
  Rendering posts/index.html.erb within layouts/application
  [1m[36mPost Load (0.5ms)[0m  [1m[34mSELECT "posts".* FROM "posts"[0m
  â†³ app/views/posts/index.html.erb:4
  Rendered collection of posts/_post.html.erb [6 times] (4.3ms)
  Rendered posts/index.html.erb within layouts/application (16.2ms)
Completed 200 OK in 92ms (Views: 83.3ms | ActiveRecord: 0.5ms)


Started GET "/" for ::1 at 2021-05-25 11:41:55 +0900
Processing by PostsController#index as HTML
  Rendering posts/index.html.erb within layouts/application
  [1m[36mPost Load (0.5ms)[0m  [1m[34mSELECT "posts".* FROM "posts"[0m
  â†³ app/views/posts/index.html.erb:4
  Rendered collection of posts/_post.html.erb [6 times] (2.1ms)
  Rendered posts/index.html.erb within layouts/application (16.3ms)
Completed 200 OK in 103ms (Views: 94.9ms | ActiveRecord: 0.5ms)


Started GET "/posts/new" for ::1 at 2021-05-25 11:42:12 +0900
Processing by PostsController#new as HTML
  Rendering posts/new.html.erb within layouts/application
  Rendered posts/_form.html.erb (6.7ms)
  Rendered posts/new.html.erb within layouts/application (43.7ms)
Completed 200 OK in 146ms (Views: 140.9ms | ActiveRecord: 0.0ms)


Started POST "/posts" for ::1 at 2021-05-25 11:42:18 +0900
Processing by PostsController#create as HTML
  Parameters: {"utf8"=>"âœ“", "authenticity_token"=>"20z2Seqse4YxekmvIxSqOGaSCXt+UjQQZ0IjS5AQJPq3fX/MPVn9NBM5aGgljt5Ik8nzUMFXGRoeGrbJI5v15w==", "post"=>{"title"=>"ï½†ï½†ï½†ï½†", "content"=>"ï½†ï½†ï½†ï½†ï½†ï½†"}, "commit"=>"Create Post"}
  [1m[35m (0.1ms)[0m  [1m[36mbegin transaction[0m
  â†³ app/controllers/posts_controller.rb:27
  [1m[36mPost Create (1.4ms)[0m  [1m[32mINSERT INTO "posts" ("title", "content", "created_at", "updated_at") VALUES (?, ?, ?, ?)[0m  [["title", "ï½†ï½†ï½†ï½†"], ["content", "ï½†ï½†ï½†ï½†ï½†ï½†"], ["created_at", "2021-05-25 02:42:18.212920"], ["updated_at", "2021-05-25 02:42:18.212920"]]
  â†³ app/controllers/posts_controller.rb:27
  [1m[35m (19.3ms)[0m  [1m[36mcommit transaction[0m
  â†³ app/controllers/posts_controller.rb:27
Redirected to http://localhost:3000/posts/8
Completed 302 Found in 39ms (ActiveRecord: 20.7ms)


Started GET "/posts/8" for ::1 at 2021-05-25 11:42:18 +0900
Processing by PostsController#show as HTML
  Parameters: {"id"=>"8"}
  [1m[36mPost Load (0.3ms)[0m  [1m[34mSELECT  "posts".* FROM "posts" WHERE "posts"."id" = ? LIMIT ?[0m  [["id", 8], ["LIMIT", 1]]
  â†³ app/controllers/posts_controller.rb:62
  Rendering posts/show.html.erb within layouts/application
  Rendered posts/_post.html.erb (1.2ms)
  Rendered posts/show.html.erb within layouts/application (9.5ms)
Completed 200 OK in 82ms (Views: 72.3ms | ActiveRecord: 0.3ms)


Started GET "/posts/8" for ::1 at 2021-05-25 11:42:25 +0900
Processing by PostsController#show as HTML
  Parameters: {"id"=>"8"}
  [1m[36mPost Load (0.2ms)[0m  [1m[34mSELECT  "posts".* FROM "posts" WHERE "posts"."id" = ? LIMIT ?[0m  [["id", 8], ["LIMIT", 1]]
  â†³ app/controllers/posts_controller.rb:62
  Rendering posts/show.html.erb within layouts/application
  Rendered posts/_post.html.erb (5.3ms)
  Rendered posts/show.html.erb within layouts/application (9.1ms)
Completed 200 OK in 82ms (Views: 77.1ms | ActiveRecord: 0.2ms)


Started GET "/edit" for ::1 at 2021-05-25 11:44:53 +0900
  
ActionController::RoutingError (No route matches [GET] "/edit"):
  
actionpack (5.2.6) lib/action_dispatch/middleware/debug_exceptions.rb:65:in `call'
web-console (3.7.0) lib/web_console/middleware.rb:135:in `call_app'
web-console (3.7.0) lib/web_console/middleware.rb:30:in `block in call'
web-console (3.7.0) lib/web_console/middleware.rb:20:in `catch'
web-console (3.7.0) lib/web_console/middleware.rb:20:in `call'
actionpack (5.2.6) lib/action_dispatch/middleware/show_exceptions.rb:33:in `call'
railties (5.2.6) lib/rails/rack/logger.rb:38:in `call_app'
railties (5.2.6) lib/rails/rack/logger.rb:26:in `block in call'
activesupport (5.2.6) lib/active_support/tagged_logging.rb:71:in `block in tagged'
activesupport (5.2.6) lib/active_support/tagged_logging.rb:28:in `tagged'
activesupport (5.2.6) lib/active_support/tagged_logging.rb:71:in `tagged'
railties (5.2.6) lib/rails/rack/logger.rb:26:in `call'
sprockets-rails (3.2.2) lib/sprockets/rails/quiet_assets.rb:13:in `call'
actionpack (5.2.6) lib/action_dispatch/middleware/remote_ip.rb:81:in `call'
actionpack (5.2.6) lib/action_dispatch/middleware/request_id.rb:27:in `call'
rack (2.2.3) lib/rack/method_override.rb:24:in `call'
rack (2.2.3) lib/rack/runtime.rb:22:in `call'
activesupport (5.2.6) lib/active_support/cache/strategy/local_cache_middleware.rb:29:in `call'
actionpack (5.2.6) lib/action_dispatch/middleware/executor.rb:14:in `call'
actionpack (5.2.6) lib/action_dispatch/middleware/static.rb:127:in `call'
rack (2.2.3) lib/rack/sendfile.rb:110:in `call'
railties (5.2.6) lib/rails/engine.rb:524:in `call'
puma (3.12.6) lib/puma/configuration.rb:227:in `call'
puma (3.12.6) lib/puma/server.rb:706:in `handle_request'
puma (3.12.6) lib/puma/server.rb:476:in `process_client'
puma (3.12.6) lib/puma/server.rb:334:in `block in run'
puma (3.12.6) lib/puma/thread_pool.rb:135:in `block in spawn_thread'
Started GET "/posts/edit" for ::1 at 2021-05-25 11:45:04 +0900
Processing by PostsController#show as HTML
  Parameters: {"id"=>"edit"}
  [1m[36mPost Load (0.4ms)[0m  [1m[34mSELECT  "posts".* FROM "posts" WHERE "posts"."id" = ? LIMIT ?[0m  [["id", 0], ["LIMIT", 1]]
  â†³ app/controllers/posts_controller.rb:62
Completed 404 Not Found in 27ms (ActiveRecord: 2.1ms)


  
ActiveRecord::RecordNotFound (Couldn't find Post with 'id'=edit):
  
app/controllers/posts_controller.rb:62:in `set_post'
Started GET "/posts" for ::1 at 2021-05-25 11:45:40 +0900
Processing by PostsController#index as HTML
  Rendering posts/index.html.erb within layouts/application
  [1m[36mPost Load (0.3ms)[0m  [1m[34mSELECT "posts".* FROM "posts"[0m
  â†³ app/views/posts/index.html.erb:4
  Rendered collection of posts/_post.html.erb [7 times] (1.8ms)
  Rendered posts/index.html.erb within layouts/application (16.8ms)
Completed 200 OK in 104ms (Views: 98.9ms | ActiveRecord: 0.3ms)


Started GET "/posts/1" for ::1 at 2021-05-25 11:45:46 +0900
Processing by PostsController#show as HTML
  Parameters: {"id"=>"1"}
  [1m[36mPost Load (0.2ms)[0m  [1m[34mSELECT  "posts".* FROM "posts" WHERE "posts"."id" = ? LIMIT ?[0m  [["id", 1], ["LIMIT", 1]]
  â†³ app/controllers/posts_controller.rb:62
  Rendering posts/show.html.erb within layouts/application
  Rendered posts/_post.html.erb (0.8ms)
  Rendered posts/show.html.erb within layouts/application (4.7ms)
Completed 200 OK in 51ms (Views: 46.3ms | ActiveRecord: 0.2ms)


Started GET "/posts/1" for ::1 at 2021-05-25 13:18:01 +0900
Processing by PostsController#show as HTML
  Parameters: {"id"=>"1"}
  [1m[36mPost Load (0.3ms)[0m  [1m[34mSELECT  "posts".* FROM "posts" WHERE "posts"."id" = ? LIMIT ?[0m  [["id", 1], ["LIMIT", 1]]
  â†³ app/controllers/posts_controller.rb:62
  Rendering posts/show.html.erb within layouts/application
  Rendered posts/_post.html.erb (0.8ms)
  Rendered posts/show.html.erb within layouts/application (5.6ms)
Completed 200 OK in 64ms (Views: 57.8ms | ActiveRecord: 0.3ms)


Started GET "/posts/2/edit" for ::1 at 2021-05-25 13:18:05 +0900
Processing by PostsController#edit as HTML
  Parameters: {"id"=>"2"}
  [1m[36mPost Load (0.2ms)[0m  [1m[34mSELECT  "posts".* FROM "posts" WHERE "posts"."id" = ? LIMIT ?[0m  [["id", 2], ["LIMIT", 1]]
  â†³ app/controllers/posts_controller.rb:62
  Rendering posts/edit.html.erb within layouts/application
  Rendered posts/_form.html.erb (2.4ms)
  Rendered posts/edit.html.erb within layouts/application (6.3ms)
Completed 200 OK in 64ms (Views: 59.4ms | ActiveRecord: 0.2ms)


Started GET "/posts/3/edit" for ::1 at 2021-05-25 13:18:12 +0900
Processing by PostsController#edit as HTML
  Parameters: {"id"=>"3"}
  [1m[36mPost Load (0.2ms)[0m  [1m[34mSELECT  "posts".* FROM "posts" WHERE "posts"."id" = ? LIMIT ?[0m  [["id", 3], ["LIMIT", 1]]
  â†³ app/controllers/posts_controller.rb:62
  Rendering posts/edit.html.erb within layouts/application
  Rendered posts/_form.html.erb (2.8ms)
  Rendered posts/edit.html.erb within layouts/application (6.9ms)
Completed 200 OK in 60ms (Views: 53.4ms | ActiveRecord: 0.2ms)


Started PATCH "/posts/3" for ::1 at 2021-05-25 13:18:35 +0900
Processing by PostsController#update as HTML
  Parameters: {"utf8"=>"âœ“", "authenticity_token"=>"Nd+vJ5bjYfBEOUpnlOjMrxZNbu/9UOZ7iU0eu7IjF7L+r5xhTRJ7HeNEWb/MgWgcJryTotKqCuxQ4cb9AlDRGA==", "post"=>{"title"=>"rails ", "content"=>""}, "commit"=>"Update Post", "id"=>"3"}
  [1m[36mPost Load (0.3ms)[0m  [1m[34mSELECT  "posts".* FROM "posts" WHERE "posts"."id" = ? LIMIT ?[0m  [["id", 3], ["LIMIT", 1]]
  â†³ app/controllers/posts_controller.rb:62
  [1m[35m (0.1ms)[0m  [1m[36mbegin transaction[0m
  â†³ app/controllers/posts_controller.rb:40
  [1m[35m (0.1ms)[0m  [1m[31mrollback transaction[0m
  â†³ app/controllers/posts_controller.rb:40
  Rendering posts/edit.html.erb within layouts/application
  Rendered posts/_form.html.erb (2.5ms)
  Rendered posts/edit.html.erb within layouts/application (6.4ms)
Completed 422 Unprocessable Entity in 67ms (Views: 59.8ms | ActiveRecord: 0.4ms)


Started PATCH "/posts/3" for ::1 at 2021-05-25 13:18:39 +0900
Processing by PostsController#update as HTML
  Parameters: {"utf8"=>"âœ“", "authenticity_token"=>"ajw7evo56OVFsfeVJG8gPluA8PEvk8y1xqXOl10oV8ahTAg8IcjyCOLM5E18BoSNa3ENvABpICIfCRbR7VuRbA==", "post"=>{"title"=>"rails ", "content"=>"1"}, "commit"=>"Update Post", "id"=>"3"}
  [1m[36mPost Load (0.3ms)[0m  [1m[34mSELECT  "posts".* FROM "posts" WHERE "posts"."id" = ? LIMIT ?[0m  [["id", 3], ["LIMIT", 1]]
  â†³ app/controllers/posts_controller.rb:62
  [1m[35m (0.1ms)[0m  [1m[36mbegin transaction[0m
  â†³ app/controllers/posts_controller.rb:40
  [1m[36mPost Update (3.3ms)[0m  [1m[33mUPDATE "posts" SET "content" = ?, "updated_at" = ? WHERE "posts"."id" = ?[0m  [["content", "1"], ["updated_at", "2021-05-25 04:18:39.829905"], ["id", 3]]
  â†³ app/controllers/posts_controller.rb:40
  [1m[35m (13.6ms)[0m  [1m[36mcommit transaction[0m
  â†³ app/controllers/posts_controller.rb:40
Redirected to http://localhost:3000/posts/3
Completed 302 Found in 29ms (ActiveRecord: 17.2ms)


Started GET "/posts/3" for ::1 at 2021-05-25 13:18:39 +0900
Processing by PostsController#show as HTML
  Parameters: {"id"=>"3"}
  [1m[36mPost Load (0.2ms)[0m  [1m[34mSELECT  "posts".* FROM "posts" WHERE "posts"."id" = ? LIMIT ?[0m  [["id", 3], ["LIMIT", 1]]
  â†³ app/controllers/posts_controller.rb:62
  Rendering posts/show.html.erb within layouts/application
  Rendered posts/_post.html.erb (0.8ms)
  Rendered posts/show.html.erb within layouts/application (4.7ms)
Completed 200 OK in 87ms (Views: 67.3ms | ActiveRecord: 0.2ms)


Started GET "/" for ::1 at 2021-05-26 15:36:09 +0900
  [1m[35m (0.6ms)[0m  [1m[34mSELECT "schema_migrations"."version" FROM "schema_migrations" ORDER BY "schema_migrations"."version" ASC[0m
  â†³ C:/Ruby26-x64/lib/ruby/gems/2.6.0/gems/activerecord-5.2.6/lib/active_record/log_subscriber.rb:98
Processing by PostsController#index as HTML
  Rendering posts/index.html.erb within layouts/application
  [1m[36mPost Load (0.5ms)[0m  [1m[34mSELECT "posts".* FROM "posts"[0m
  â†³ app/views/posts/index.html.erb:4
  Rendered collection of posts/_post.html.erb [7 times] (3.9ms)
  Rendered posts/index.html.erb within layouts/application (107.1ms)
Completed 200 OK in 1293ms (Views: 1226.8ms | ActiveRecord: 3.1ms)


Started GET "/example/test1" for ::1 at 2021-05-26 15:36:26 +0900
Processing by ExampleController#test1 as HTML
  Rendering example/test1.html.erb within layouts/application
  Rendered example/test1.html.erb within layouts/application (1.2ms)
Completed 200 OK in 85ms (Views: 67.1ms | ActiveRecord: 0.0ms)


Started GET "/example/test2" for ::1 at 2021-05-26 15:36:31 +0900
Processing by ExampleController#test2 as HTML
  Rendering example/test2.html.erb within layouts/application
  Rendered example/test2.html.erb within layouts/application (0.6ms)
Completed 200 OK in 76ms (Views: 58.9ms | ActiveRecord: 0.0ms)


Started GET "/example/test3" for ::1 at 2021-05-26 15:36:31 +0900
Processing by ExampleController#test3 as HTML
  Rendering example/test3.html.erb within layouts/application
  Rendered example/test3.html.erb within layouts/application (0.9ms)
Completed 200 OK in 124ms (Views: 103.0ms | ActiveRecord: 0.0ms)


Started GET "/example/test1" for ::1 at 2021-05-26 15:36:33 +0900
Processing by ExampleController#test1 as HTML
  Rendering example/test1.html.erb within layouts/application
  Rendered example/test1.html.erb within layouts/application (0.6ms)
Completed 200 OK in 65ms (Views: 59.4ms | ActiveRecord: 0.0ms)


Started GET "/example/test2" for ::1 at 2021-05-26 15:36:35 +0900
Processing by ExampleController#test2 as HTML
  Rendering example/test2.html.erb within layouts/application
  Rendered example/test2.html.erb within layouts/application (0.7ms)
Completed 200 OK in 150ms (Views: 143.1ms | ActiveRecord: 0.0ms)


Started GET "/example/test3" for ::1 at 2021-05-26 15:36:36 +0900
Processing by ExampleController#test3 as HTML
  Rendering example/test3.html.erb within layouts/application
  Rendered example/test3.html.erb within layouts/application (1.0ms)
Completed 200 OK in 131ms (Views: 124.7ms | ActiveRecord: 0.0ms)


Started GET "/example/test1" for ::1 at 2021-05-26 15:36:37 +0900
Processing by ExampleController#test1 as HTML
  Rendering example/test1.html.erb within layouts/application
  Rendered example/test1.html.erb within layouts/application (0.4ms)
Completed 200 OK in 76ms (Views: 71.8ms | ActiveRecord: 0.0ms)


Started GET "/example/test2" for ::1 at 2021-05-26 15:36:38 +0900
Processing by ExampleController#test2 as HTML
  Rendering example/test2.html.erb within layouts/application
  Rendered example/test2.html.erb within layouts/application (0.9ms)
Completed 200 OK in 95ms (Views: 91.1ms | ActiveRecord: 0.0ms)


Started GET "/example/test3" for ::1 at 2021-05-26 15:36:39 +0900
Processing by ExampleController#test3 as HTML
  Rendering example/test3.html.erb within layouts/application
  Rendered example/test3.html.erb within layouts/application (0.7ms)
Completed 200 OK in 95ms (Views: 90.9ms | ActiveRecord: 0.0ms)


Started GET "/example/test1" for ::1 at 2021-05-26 15:37:23 +0900
Processing by ExampleController#test1 as HTML
  Rendering example/test1.html.erb within layouts/application
  Rendered example/test1.html.erb within layouts/application (0.6ms)
Completed 200 OK in 52ms (Views: 49.3ms | ActiveRecord: 0.0ms)


Started GET "/example/test2" for ::1 at 2021-05-26 15:37:24 +0900
Processing by ExampleController#test2 as HTML
  Rendering example/test2.html.erb within layouts/application
  Rendered example/test2.html.erb within layouts/application (0.7ms)
Completed 200 OK in 214ms (Views: 209.8ms | ActiveRecord: 0.0ms)


Started GET "/example/test3" for ::1 at 2021-05-26 15:37:25 +0900
Processing by ExampleController#test3 as HTML
  Rendering example/test3.html.erb within layouts/application
  Rendered example/test3.html.erb within layouts/application (0.9ms)
Completed 200 OK in 86ms (Views: 82.3ms | ActiveRecord: 0.0ms)


Started GET "/example/test1" for ::1 at 2021-05-26 15:37:26 +0900
Processing by ExampleController#test1 as HTML
  Rendering example/test1.html.erb within layouts/application
  Rendered example/test1.html.erb within layouts/application (0.5ms)
Completed 200 OK in 62ms (Views: 58.6ms | ActiveRecord: 0.0ms)


Started GET "/example/test1" for ::1 at 2021-05-26 15:37:28 +0900
Processing by ExampleController#test1 as HTML
  Rendering example/test1.html.erb within layouts/application
  Rendered example/test1.html.erb within layouts/application (0.6ms)
Completed 200 OK in 54ms (Views: 50.8ms | ActiveRecord: 0.0ms)


Started GET "/example/test1" for ::1 at 2021-05-26 15:37:32 +0900
Processing by ExampleController#test1 as HTML
  Rendering example/test1.html.erb within layouts/application
  Rendered example/test1.html.erb within layouts/application (0.8ms)
Completed 200 OK in 74ms (Views: 70.2ms | ActiveRecord: 0.0ms)


Started GET "/example/test2" for ::1 at 2021-05-26 15:37:35 +0900
Processing by ExampleController#test2 as HTML
  Rendering example/test2.html.erb within layouts/application
  Rendered example/test2.html.erb within layouts/application (0.8ms)
Completed 200 OK in 59ms (Views: 54.5ms | ActiveRecord: 0.0ms)


Started GET "/example/test3" for ::1 at 2021-05-26 15:37:36 +0900
Processing by ExampleController#test3 as HTML
  Rendering example/test3.html.erb within layouts/application
  Rendered example/test3.html.erb within layouts/application (0.7ms)
Completed 200 OK in 73ms (Views: 70.2ms | ActiveRecord: 0.0ms)


Started GET "/example/test1" for ::1 at 2021-05-26 15:37:39 +0900
Processing by ExampleController#test1 as HTML
  Rendering example/test1.html.erb within layouts/application
  Rendered example/test1.html.erb within layouts/application (0.8ms)
Completed 200 OK in 198ms (Views: 190.4ms | ActiveRecord: 0.0ms)


Started GET "/example/test2" for ::1 at 2021-05-26 15:37:41 +0900
Processing by ExampleController#test2 as HTML
  Rendering example/test2.html.erb within layouts/application
  Rendered example/test2.html.erb within layouts/application (0.5ms)
Completed 200 OK in 65ms (Views: 62.0ms | ActiveRecord: 0.0ms)


Started GET "/example/test3" for ::1 at 2021-05-26 15:37:42 +0900
Processing by ExampleController#test3 as HTML
  Rendering example/test3.html.erb within layouts/application
  Rendered example/test3.html.erb within layouts/application (0.8ms)
Completed 200 OK in 75ms (Views: 71.9ms | ActiveRecord: 0.0ms)


Started GET "/example/test1" for ::1 at 2021-05-26 15:40:32 +0900
  [1m[35m (0.4ms)[0m  [1m[34mSELECT "schema_migrations"."version" FROM "schema_migrations" ORDER BY "schema_migrations"."version" ASC[0m
  â†³ C:/Ruby26-x64/lib/ruby/gems/2.6.0/gems/activerecord-5.2.6/lib/active_record/log_subscriber.rb:98
Processing by ExampleController#test1 as HTML
  Rendering example/test1.html.erb within layouts/application
  Rendered example/test1.html.erb within layouts/application (1.3ms)
Completed 200 OK in 286ms (Views: 275.7ms | ActiveRecord: 0.0ms)


Started GET "/example/test2" for ::1 at 2021-05-26 15:40:34 +0900
Processing by ExampleController#test2 as HTML
  Rendering example/test2.html.erb within layouts/application
  Rendered example/test2.html.erb within layouts/application (0.7ms)
Completed 200 OK in 74ms (Views: 70.7ms | ActiveRecord: 0.0ms)


Started GET "/example/test3" for ::1 at 2021-05-26 15:40:36 +0900
Processing by ExampleController#test3 as HTML
  Rendering example/test3.html.erb within layouts/application
  Rendered example/test3.html.erb within layouts/application (0.6ms)
Completed 200 OK in 106ms (Views: 102.7ms | ActiveRecord: 0.0ms)


Started GET "/example/test1" for ::1 at 2021-05-26 15:40:37 +0900
Processing by ExampleController#test1 as HTML
  Rendering example/test1.html.erb within layouts/application
  Rendered example/test1.html.erb within layouts/application (0.5ms)
Completed 200 OK in 63ms (Views: 59.4ms | ActiveRecord: 0.0ms)


Started GET "/example/test2" for ::1 at 2021-05-26 15:40:40 +0900
Processing by ExampleController#test2 as HTML
  Rendering example/test2.html.erb within layouts/application
  Rendered example/test2.html.erb within layouts/application (0.6ms)
Completed 200 OK in 63ms (Views: 59.6ms | ActiveRecord: 0.0ms)


Started GET "/example/test3" for ::1 at 2021-05-26 15:40:41 +0900
Processing by ExampleController#test3 as HTML
  Rendering example/test3.html.erb within layouts/application
  Rendered example/test3.html.erb within layouts/application (1.0ms)
Completed 200 OK in 79ms (Views: 59.0ms | ActiveRecord: 0.0ms)


Started GET "/example/test1" for ::1 at 2021-05-26 15:40:42 +0900
Processing by ExampleController#test1 as HTML
  Rendering example/test1.html.erb within layouts/application
  Rendered example/test1.html.erb within layouts/application (0.7ms)
Completed 200 OK in 71ms (Views: 68.3ms | ActiveRecord: 0.0ms)


Started GET "/example/test2" for ::1 at 2021-05-26 15:40:45 +0900
Processing by ExampleController#test2 as HTML
  Rendering example/test2.html.erb within layouts/application
  Rendered example/test2.html.erb within layouts/application (0.7ms)
Completed 200 OK in 122ms (Views: 116.1ms | ActiveRecord: 0.0ms)


Started GET "/example/test3" for ::1 at 2021-05-26 15:40:45 +0900
Processing by ExampleController#test3 as HTML
  Rendering example/test3.html.erb within layouts/application
  Rendered example/test3.html.erb within layouts/application (0.6ms)
Completed 200 OK in 67ms (Views: 62.9ms | ActiveRecord: 0.0ms)


Started GET "/example/test1" for ::1 at 2021-05-26 15:40:46 +0900
Processing by ExampleController#test1 as HTML
  Rendering example/test1.html.erb within layouts/application
  Rendered example/test1.html.erb within layouts/application (0.9ms)
Completed 200 OK in 66ms (Views: 63.1ms | ActiveRecord: 0.0ms)


Started GET "/example/test2" for ::1 at 2021-05-26 15:40:47 +0900
Processing by ExampleController#test2 as HTML
  Rendering example/test2.html.erb within layouts/application
  Rendered example/test2.html.erb within layouts/application (0.8ms)
Completed 200 OK in 80ms (Views: 74.6ms | ActiveRecord: 0.0ms)


Started GET "/" for ::1 at 2021-05-30 17:08:25 +0900
  [1m[35m (0.4ms)[0m  [1m[34mSELECT "schema_migrations"."version" FROM "schema_migrations" ORDER BY "schema_migrations"."version" ASC[0m
  â†³ C:/Ruby26-x64/lib/ruby/gems/2.6.0/gems/activerecord-5.2.6/lib/active_record/log_subscriber.rb:98
  
SyntaxError (C:/Users/user/Desktop/VisualStadio/blog/app/controllers/posts_controller.rb:2: class/module name must be CONSTANT
  before_action :set_post, only: %i[ show ed...
  ^~~~~~~~~~~~~
C:/Users/user/Desktop/VisualStadio/blog/app/controllers/posts_controller.rb:2: syntax error, unexpected ',', expecting end
  before_action :set_post, only: %i[ show edit update d...
                         ^):
  
app/controllers/posts_controller.rb:2: class/module name must be CONSTANT
app/controllers/posts_controller.rb:2: syntax error, unexpected ',', expecting end
Started GET "/" for ::1 at 2021-05-30 17:12:42 +0900
  [1m[35m (0.3ms)[0m  [1m[34mSELECT "schema_migrations"."version" FROM "schema_migrations" ORDER BY "schema_migrations"."version" ASC[0m
  â†³ C:/Ruby26-x64/lib/ruby/gems/2.6.0/gems/activerecord-5.2.6/lib/active_record/log_subscriber.rb:98
  
SyntaxError (C:/Users/user/Desktop/VisualStadio/blog/app/controllers/posts_controller.rb:2: class/module name must be CONSTANT
  before_action :set_post, only: %i[ show ed...
  ^~~~~~~~~~~~~
C:/Users/user/Desktop/VisualStadio/blog/app/controllers/posts_controller.rb:2: syntax error, unexpected ',', expecting end
  before_action :set_post, only: %i[ show edit update d...
                         ^):
  
app/controllers/posts_controller.rb:2: class/module name must be CONSTANT
app/controllers/posts_controller.rb:2: syntax error, unexpected ',', expecting end
Started GET "/" for ::1 at 2021-05-31 08:21:26 +0900
  
SyntaxError (C:/Users/user/Desktop/VisualStadio/blog/app/controllers/posts_controller.rb:2: class/module name must be CONSTANT
  before_action :set_post, only: %i[ show ed...
  ^~~~~~~~~~~~~
C:/Users/user/Desktop/VisualStadio/blog/app/controllers/posts_controller.rb:2: syntax error, unexpected ',', expecting end
  before_action :set_post, only: %i[ show edit update d...
                         ^):
  
app/controllers/posts_controller.rb:2: class/module name must be CONSTANT
app/controllers/posts_controller.rb:2: syntax error, unexpected ',', expecting end
  [1m[35m (0.6ms)[0m  [1m[34mSELECT "schema_migrations"."version" FROM "schema_migrations" ORDER BY "schema_migrations"."version" ASC[0m
  â†³ bin/rails:4
  [1m[36mActiveRecord::InternalMetadata Load (0.4ms)[0m  [1m[34mSELECT  "ar_internal_metadata".* FROM "ar_internal_metadata" WHERE "ar_internal_metadata"."key" = ? LIMIT ?[0m  [["key", "environment"], ["LIMIT", 1]]
  â†³ bin/rails:4
  [1m[35m (0.1ms)[0m  [1m[36mbegin transaction[0m
  â†³ bin/rails:4
  [1m[35m (0.1ms)[0m  [1m[36mcommit transaction[0m
  â†³ bin/rails:4
  [1m[35m (0.3ms)[0m  [1m[34mSELECT "schema_migrations"."version" FROM "schema_migrations" ORDER BY "schema_migrations"."version" ASC[0m
  â†³ bin/rails:4
Started GET "/" for ::1 at 2021-05-31 18:05:22 +0900
  [1m[35m (0.4ms)[0m  [1m[34mSELECT "schema_migrations"."version" FROM "schema_migrations" ORDER BY "schema_migrations"."version" ASC[0m
  â†³ C:/Ruby26-x64/lib/ruby/gems/2.6.0/gems/activerecord-5.2.6/lib/active_record/log_subscriber.rb:98
Processing by PostsController#index as HTML
  Rendering posts/index.html.erb within layouts/application
  [1m[36mPost Load (0.4ms)[0m  [1m[34mSELECT "posts".* FROM "posts"[0m
  â†³ app/views/posts/index.html.erb:4
  Rendered collection of posts/_post.html.erb [7 times] (3.8ms)
  Rendered posts/index.html.erb within layouts/application (75.3ms)
  Rendered layouts/_flash.html.erb (1.7ms)
Completed 200 OK in 2057ms (Views: 1963.2ms | ActiveRecord: 4.5ms)


Started GET "/" for ::1 at 2021-05-31 18:23:55 +0900
Processing by PostsController#index as HTML
  Rendering posts/index.html.erb within layouts/application
  [1m[36mPost Load (9.8ms)[0m  [1m[34mSELECT "posts".* FROM "posts"[0m
  â†³ app/views/posts/index.html.erb:4
  Rendered collection of posts/_post.html.erb [7 times] (2.7ms)
  Rendered posts/index.html.erb within layouts/application (38.7ms)
  Rendered layouts/_flash.html.erb (0.7ms)
Completed 200 OK in 216ms (Views: 201.2ms | ActiveRecord: 9.8ms)


Started GET "/" for ::1 at 2021-05-31 18:24:59 +0900
Processing by PostsController#index as HTML
  Rendering posts/index.html.erb within layouts/application
  [1m[36mPost Load (0.3ms)[0m  [1m[34mSELECT "posts".* FROM "posts"[0m
  â†³ app/views/posts/index.html.erb:4
  Rendered collection of posts/_post.html.erb [7 times] (2.9ms)
  Rendered posts/index.html.erb within layouts/application (13.2ms)
  Rendered layouts/_flash.html.erb (0.4ms)
Completed 200 OK in 199ms (Views: 137.9ms | ActiveRecord: 0.3ms)


